Log file open, 01/27/20 00:59:25
LogWindows: Failed to load 'aqProf.dll' (GetLastError=126)
LogWindows: File 'aqProf.dll' does not exist
LogWindows: Failed to load 'VtuneApi.dll' (GetLastError=126)
LogWindows: File 'VtuneApi.dll' does not exist
LogWindows: Failed to load 'VtuneApi32e.dll' (GetLastError=126)
LogWindows: File 'VtuneApi32e.dll' does not exist
LogConsoleResponse: Display: Failed to find resolution value strings in scalability ini. Falling back to default.
LogInit: Display: Running engine for game: VRExpPluginExample
LogPlatformFile: Not using cached read wrapper
LogTaskGraph: Started task graph with 5 named threads and 35 total threads with 3 sets of task threads.
LogStats: Stats thread started at 0.064101
LogD3D11RHI: Loaded GFSDK_Aftermath_Lib.x64.dll
LogICUInternationalization: ICU TimeZone Detection - Raw Offset: -8:00, Platform Override: ''
LogPluginManager: Mounting plugin Paper2D
LogPluginManager: Mounting plugin AISupport
LogPluginManager: Mounting plugin LightPropagationVolume
LogPluginManager: Mounting plugin ActorLayerUtilities
LogPluginManager: Mounting plugin AnimationSharing
LogPluginManager: Mounting plugin CLionSourceCodeAccess
LogPluginManager: Mounting plugin CodeLiteSourceCodeAccess
LogPluginManager: Mounting plugin GitSourceControl
LogPluginManager: Mounting plugin KDevelopSourceCodeAccess
LogPluginManager: Mounting plugin NullSourceCodeAccess
LogPluginManager: Mounting plugin PerforceSourceControl
LogPluginManager: Mounting plugin PlasticSourceControl
LogPluginManager: Mounting plugin SubversionSourceControl
LogPluginManager: Mounting plugin UObjectPlugin
LogPluginManager: Mounting plugin VisualStudioCodeSourceCodeAccess
LogPluginManager: Mounting plugin VisualStudioSourceCodeAccess
LogPluginManager: Mounting plugin XCodeSourceCodeAccess
LogPluginManager: Mounting plugin AssetManagerEditor
LogPluginManager: Mounting plugin CryptoKeys
LogPluginManager: Mounting plugin CurveEditorTools
LogPluginManager: Mounting plugin DataValidation
LogPluginManager: Mounting plugin FacialAnimation
LogPluginManager: Mounting plugin GameplayTagsEditor
LogPluginManager: Mounting plugin MacGraphicsSwitching
LogPluginManager: Mounting plugin MaterialAnalyzer
LogPluginManager: Mounting plugin MobileLauncherProfileWizard
LogPluginManager: Mounting plugin PluginBrowser
LogPluginManager: Mounting plugin SpeedTreeImporter
LogPluginManager: Mounting plugin DatasmithContent
LogPluginManager: Mounting plugin VariantManagerContent
LogPluginManager: Mounting plugin AlembicImporter
LogPluginManager: Mounting plugin AutomationUtils
LogPluginManager: Mounting plugin BackChannel
LogPluginManager: Mounting plugin CharacterAI
LogPluginManager: Mounting plugin GeometryCache
LogPluginManager: Mounting plugin PlatformCrypto
LogPluginManager: Mounting plugin ProxyLODPlugin
LogPluginManager: Mounting plugin SkeletalReduction
LogPluginManager: Mounting plugin MagicLeap
LogPluginManager: Mounting plugin MagicLeapMedia
LogPluginManager: Mounting plugin MLSDK
LogPluginManager: Mounting plugin AndroidMedia
LogPluginManager: Mounting plugin AvfMedia
LogPluginManager: Mounting plugin ImgMedia
LogPluginManager: Mounting plugin MediaCompositing
LogPluginManager: Mounting plugin MediaPlayerEditor
LogPluginManager: Mounting plugin WebMMedia
LogPluginManager: Mounting plugin WmfMedia
LogPluginManager: Mounting plugin TcpMessaging
LogPluginManager: Mounting plugin UdpMessaging
LogPluginManager: Mounting plugin ActorSequence
LogPluginManager: Mounting plugin LevelSequenceEditor
LogPluginManager: Mounting plugin MatineeToLevelSequence
LogPluginManager: Mounting plugin NetcodeUnitTest
LogPluginManager: Mounting plugin NUTUnrealEngine4
LogPluginManager: Mounting plugin OnlineSubsystemGooglePlay
LogPluginManager: Mounting plugin OnlineSubsystemIOS
LogPluginManager: Mounting plugin OnlineSubsystem
LogPluginManager: Mounting plugin OnlineSubsystemNull
LogPluginManager: Mounting plugin OnlineSubsystemSteam
LogPluginManager: Mounting plugin OnlineSubsystemUtils
LogPluginManager: Mounting plugin LauncherChunkInstaller
LogPluginManager: Mounting plugin AndroidDeviceProfileSelector
LogPluginManager: Mounting plugin AndroidMoviePlayer
LogPluginManager: Mounting plugin AndroidPermission
LogPluginManager: Mounting plugin AppleImageUtils
LogPluginManager: Mounting plugin AppleMoviePlayer
LogPluginManager: Mounting plugin ArchVisCharacter
LogPluginManager: Mounting plugin AssetTags
LogPluginManager: Mounting plugin AudioCapture
LogPluginManager: Mounting plugin CableComponent
LogPluginManager: Mounting plugin CustomMeshComponent
LogPluginManager: Mounting plugin EditableMesh
LogPluginManager: Mounting plugin ExampleDeviceProfileSelector
LogPluginManager: Mounting plugin GoogleCloudMessaging
LogPluginManager: Mounting plugin IOSDeviceProfileSelector
LogPluginManager: Mounting plugin LinuxDeviceProfileSelector
LogPluginManager: Mounting plugin LocationServicesBPLibrary
LogPluginManager: Mounting plugin MobilePatchingUtils
LogPluginManager: Mounting plugin OculusVR
LogPluginManager: Mounting plugin PhysXVehicles
LogPluginManager: Mounting plugin PostSplashScreen
LogPluginManager: Mounting plugin ProceduralMeshComponent
LogPluginManager: Mounting plugin RuntimePhysXCooking
LogPluginManager: Mounting plugin SignificanceManager
LogPluginManager: Mounting plugin SteamShared
LogPluginManager: Mounting plugin SteamVR
LogPluginManager: Mounting plugin WebMMoviePlayer
LogPluginManager: Mounting plugin WindowsMoviePlayer
LogPluginManager: Mounting plugin ScreenshotTools
LogPluginManager: Mounting plugin AdvancedSessions
LogPluginManager: Mounting plugin AdvancedSteamSessions
LogPluginManager: Mounting plugin OpenVRExpansionPlugin
LogPluginManager: Mounting plugin VRExpansionPlugin
Launching UnrealBuildTool... [D:/Epic Games/UE_4.24/Engine/Binaries/DotNET/UnrealBuildTool.exe -Mode=QueryTargets -Project="D:/Unreal Projects/VRExpansion/VRExpPluginExample.uproject" -Output="D:/Unreal Projects/VRExpansion/Intermediate/TargetInfo.json"]
LogInit: Warning: Incompatible or missing module: VRExpPluginExample
LogInit: Warning: Incompatible or missing module: AdvancedSessions
LogInit: Warning: Incompatible or missing module: AdvancedSteamSessions
LogInit: Warning: Incompatible or missing module: OpenVRExpansionPlugin
LogInit: Warning: Incompatible or missing module: VRExpansionPlugin
Running D:/Epic Games/UE_4.24/Engine/Binaries/DotNET/UnrealBuildTool.exe Development Win64 -Project="D:/Unreal Projects/VRExpansion/VRExpPluginExample.uproject" -TargetType=Editor -Progress -NoHotReloadFromIDE
Creating makefile for VRExpPluginExampleEditor (no existing makefile)
@progress push 5%
Parsing headers for VRExpPluginExampleEditor
  Running UnrealHeaderTool "D:\Unreal Projects\VRExpansion\VRExpPluginExample.uproject" "D:\Unreal Projects\VRExpansion\Intermediate\Build\Win64\VRExpPluginExampleEditor\Development\VRExpPluginExampleEditor.uhtmanifest" -LogCmds="loginit warning, logexit warning, logdatabase error" -Unattended -WarningsAsErrors -installed
Reflection code generated for VRExpPluginExampleEditor in 9.0318737 seconds
@progress pop
Building VRExpPluginExampleEditor...
Using Visual Studio 2017 14.16.27035 toolchain (C:\Program Files (x86)\Microsoft Visual Studio\2017\Community\VC\Tools\MSVC\14.16.27023) and Windows 10.0.16299.0 SDK (C:\Program Files (x86)\Windows Kits\10).
Building 41 actions with 12 processes...
  @progress 'Compiling C++ source code...' 0%
  @progress 'Compiling C++ source code...' 2%
  [1/41] Default.rc2
  @progress 'Compiling C++ source code...' 5%
  [2/41] Default.rc2
  @progress 'Compiling C++ source code...' 7%
  [3/41] Default.rc2
  @progress 'Compiling C++ source code...' 10%
  [4/41] Default.rc2
  @progress 'Compiling C++ source code...' 12%
  [5/41] Default.rc2
  @progress 'Compiling C++ source code...' 15%
  [6/41] SharedPCH.UnrealEd.ShadowErrors.cpp
  @progress 'Compiling C++ source code...' 17%
  [7/41] SharedPCH.Engine.ShadowErrors.cpp
  @progress 'Compiling C++ source code...' 20%
  [8/41] Module.VRExpansionPlugin.gen.1_of_11.cpp
  @progress 'Compiling C++ source code...' 22%
  [9/41] Module.VRExpansionPlugin.1_of_3.cpp
  D:\Epic Games\UE_4.24\Engine\Source\ThirdParty\PhysX3\PxShared\include\foundation/PxFlags.h(174): fatal error C1060: compiler is out of heap space
  @progress 'Compiling C++ source code...' 24%
  [10/41] Module.VRExpansionPlugin.3_of_3.cpp
  D:\Epic Games\UE_4.24\Engine\Source\Runtime\Core\Public\Misc/InlineValue.h(69): fatal error C1060: compiler is out of heap space
  @progress 'Compiling C++ source code...' 27%
  [11/41] Module.VRExpansionPlugin.gen.11_of_11.cpp
  D:\Epic Games\UE_4.24\Engine\Source\Runtime\Core\Public\Delegates/DelegateSignatureImpl.inl(36): fatal error C1060: compiler is out of heap space
  @progress 'Compiling C++ source code...' 29%
  [12/41] Module.VRExpansionPlugin.gen.2_of_11.cpp
  @progress 'Compiling C++ source code...' 32%
  [13/41] Module.VRExpansionPlugin.gen.3_of_11.cpp
  @progress 'Compiling C++ source code...' 34%
  [14/41] Module.VRExpansionPlugin.gen.4_of_11.cpp
  @progress 'Compiling C++ source code...' 37%
  [15/41] Module.VRExpansionPlugin.gen.9_of_11.cpp
  @progress 'Compiling C++ source code...' 39%
  [16/41] Module.VRExpansionPlugin.gen.8_of_11.cpp
  @progress 'Compiling C++ source code...' 41%
  [17/41] Module.VRExpansionPlugin.gen.7_of_11.cpp
  @progress 'Compiling C++ source code...' 44%
  [18/41] Module.VRExpansionPlugin.gen.10_of_11.cpp
  @progress 'Compiling C++ source code...' 46%
  [19/41] Module.VRExpansionPlugin.gen.6_of_11.cpp
  @progress 'Compiling C++ source code...' 49%
  [20/41] Module.VRExpansionPlugin.gen.5_of_11.cpp
  @progress 'Compiling C++ source code...' 51%
  [21/41] Module.OpenVRExpansionPlugin.gen.cpp
  @progress 'Compiling C++ source code...' 54%
  [22/41] VRExpPluginExample.cpp
  @progress 'Compiling C++ source code...' 56%
  [23/41] Module.AdvancedSteamSessions.gen.cpp
  @progress 'Compiling C++ source code...' 59%
  [24/41] Module.AdvancedSessions.gen.1_of_2.cpp
  @progress 'Compiling C++ source code...' 61%
  [25/41] Module.AdvancedSteamSessions.cpp
  @progress 'Compiling C++ source code...' 63%
  [26/41] Module.AdvancedSessions.gen.2_of_2.cpp
  @progress 'Compiling C++ source code...' 66%
  [27/41] Module.OpenVRExpansionPlugin.cpp
  @progress 'Compiling C++ source code...' 68%
  [28/41] Module.AdvancedSessions.cpp
  @progress 'Compiling C++ source code...' 71%
  [29/41] EmptyClassForProject.cpp
  @progress 'Compiling C++ source code...' 73%
  [30/41] UE4Editor-AdvancedSteamSessions.lib
     Creating library D:\Unreal Projects\VRExpansion\Plugins\AdvancedSessions\AdvancedSteamSessions\Intermediate\Build\Win64\UE4Editor\Development\AdvancedSteamSessions\UE4Editor-AdvancedSteamSessions.lib and object D:\Unreal Projects\VRExpansion\Plugins\AdvancedSessions\AdvancedSteamSessions\Intermediate\Build\Win64\UE4Editor\Development\AdvancedSteamSessions\UE4Editor-AdvancedSteamSessions.exp
  @progress 'Compiling C++ source code...' 76%
  [31/41] UE4Editor-OpenVRExpansionPlugin.lib
     Creating library D:\Unreal Projects\VRExpansion\Plugins\VRExpansionPlugin\OpenVRExpansionPlugin\Intermediate\Build\Win64\UE4Editor\Development\OpenVRExpansionPlugin\UE4Editor-OpenVRExpansionPlugin.lib and object D:\Unreal Projects\VRExpansion\Plugins\VRExpansionPlugin\OpenVRExpansionPlugin\Intermediate\Build\Win64\UE4Editor\Development\OpenVRExpansionPlugin\UE4Editor-OpenVRExpansionPlugin.exp
  @progress 'Compiling C++ source code...' 78%
  [32/41] UE4Editor-AdvancedSessions.lib
     Creating library D:\Unreal Projects\VRExpansion\Plugins\AdvancedSessions\AdvancedSessions\Intermediate\Build\Win64\UE4Editor\Development\AdvancedSessions\UE4Editor-AdvancedSessions.lib and object D:\Unreal Projects\VRExpansion\Plugins\AdvancedSessions\AdvancedSessions\Intermediate\Build\Win64\UE4Editor\Development\AdvancedSessions\UE4Editor-AdvancedSessions.exp
  @progress 'Compiling C++ source code...' 80%
  [33/41] UE4Editor-VRExpPluginExample.lib
     Creating library D:\Unreal Projects\VRExpansion\Intermediate\Build\Win64\UE4Editor\Development\VRExpPluginExample\UE4Editor-VRExpPluginExample.lib and object D:\Unreal Projects\VRExpansion\Intermediate\Build\Win64\UE4Editor\Development\VRExpPluginExample\UE4Editor-VRExpPluginExample.exp
  @progress 'Compiling C++ source code...' 83%
  [34/41] UE4Editor-AdvancedSteamSessions.dll
     Creating library D:\Unreal Projects\VRExpansion\Plugins\AdvancedSessions\AdvancedSteamSessions\Intermediate\Build\Win64\UE4Editor\Development\AdvancedSteamSessions\UE4Editor-AdvancedSteamSessions.suppressed.lib and object D:\Unreal Projects\VRExpansion\Plugins\AdvancedSessions\AdvancedSteamSessions\Intermediate\Build\Win64\UE4Editor\Development\AdvancedSteamSessions\UE4Editor-AdvancedSteamSessions.suppressed.exp
  @progress 'Compiling C++ source code...' 85%
  [35/41] UE4Editor-AdvancedSessions.dll
     Creating library D:\Unreal Projects\VRExpansion\Plugins\AdvancedSessions\AdvancedSessions\Intermediate\Build\Win64\UE4Editor\Development\AdvancedSessions\UE4Editor-AdvancedSessions.suppressed.lib and object D:\Unreal Projects\VRExpansion\Plugins\AdvancedSessions\AdvancedSessions\Intermediate\Build\Win64\UE4Editor\Development\AdvancedSessions\UE4Editor-AdvancedSessions.suppressed.exp
  @progress 'Compiling C++ source code...' 88%
  [36/41] UE4Editor-OpenVRExpansionPlugin.dll
     Creating library D:\Unreal Projects\VRExpansion\Plugins\VRExpansionPlugin\OpenVRExpansionPlugin\Intermediate\Build\Win64\UE4Editor\Development\OpenVRExpansionPlugin\UE4Editor-OpenVRExpansionPlugin.suppressed.lib and object D:\Unreal Projects\VRExpansion\Plugins\VRExpansionPlugin\OpenVRExpansionPlugin\Intermediate\Build\Win64\UE4Editor\Development\OpenVRExpansionPlugin\UE4Editor-OpenVRExpansionPlugin.suppressed.exp
  @progress 'Compiling C++ source code...' 90%
  [37/41] Module.VRExpansionPlugin.2_of_3.cpp
LogInit: Warning: Still incompatible or missing module: VRExpPluginExample
LogInit: Warning: Still incompatible or missing module: AdvancedSessions
LogInit: Warning: Still incompatible or missing module: AdvancedSteamSessions
LogInit: Warning: Still incompatible or missing module: OpenVRExpansionPlugin
LogInit: Warning: Still incompatible or missing module: VRExpansionPlugin
LogCore: Engine exit requested (reason: EngineExit() was called)
LogExit: Preparing to exit.
LogModuleManager: Shutting down and abandoning module DesktopPlatform (46)
LogModuleManager: Shutting down and abandoning module PlatformCryptoOpenSSL (44)
LogModuleManager: Shutting down and abandoning module PlatformCryptoTypes (42)
LogModuleManager: Shutting down and abandoning module PlatformCrypto (40)
LogModuleManager: Shutting down and abandoning module AnimationModifiers (38)
LogModuleManager: Shutting down and abandoning module PropertyEditor (37)
LogModuleManager: Shutting down and abandoning module AudioEditor (34)
LogModuleManager: Shutting down and abandoning module TextureCompressor (32)
LogModuleManager: Shutting down and abandoning module RenderCore (30)
LogModuleManager: Shutting down and abandoning module Landscape (28)
LogModuleManager: Shutting down and abandoning module SlateRHIRenderer (26)
LogModuleManager: Shutting down and abandoning module OpenGLDrv (24)
LogModuleManager: Shutting down and abandoning module D3D11RHI (22)
LogModuleManager: Shutting down and abandoning module AnimGraphRuntime (20)
LogModuleManager: Shutting down and abandoning module Renderer (18)
LogModuleManager: Shutting down and abandoning module Engine (16)
LogModuleManager: Shutting down and abandoning module CoreUObject (14)
LogModuleManager: Shutting down and abandoning module NetworkFile (12)
LogModuleManager: Shutting down and abandoning module CookedIterativeFile (10)
LogModuleManager: Shutting down and abandoning module StreamingFile (8)
LogModuleManager: Shutting down and abandoning module SandboxFile (6)
LogModuleManager: Shutting down and abandoning module PakFile (4)
LogModuleManager: Shutting down and abandoning module RSA (3)
LogExit: Exiting.
Log file closed, 01/27/20 01:04:58
