Log file open, 01/27/20 11:35:52
LogWindows: Failed to load 'aqProf.dll' (GetLastError=126)
LogWindows: File 'aqProf.dll' does not exist
LogWindows: Failed to load 'VtuneApi.dll' (GetLastError=126)
LogWindows: File 'VtuneApi.dll' does not exist
LogWindows: Failed to load 'VtuneApi32e.dll' (GetLastError=126)
LogWindows: File 'VtuneApi32e.dll' does not exist
LogConsoleResponse: Display: Failed to find resolution value strings in scalability ini. Falling back to default.
LogInit: Display: Running engine for game: ClimbingCombat
LogPlatformFile: Not using cached read wrapper
LogTaskGraph: Started task graph with 5 named threads and 35 total threads with 3 sets of task threads.
LogStats: Stats thread started at 0.172004
LogD3D11RHI: Loaded GFSDK_Aftermath_Lib.x64.dll
LogICUInternationalization: ICU TimeZone Detection - Raw Offset: -8:00, Platform Override: ''
LogPluginManager: Mounting plugin Paper2D
LogPluginManager: Mounting plugin AISupport
LogPluginManager: Mounting plugin LightPropagationVolume
LogPluginManager: Mounting plugin ActorLayerUtilities
LogPluginManager: Mounting plugin AnimationSharing
LogPluginManager: Mounting plugin CLionSourceCodeAccess
LogPluginManager: Mounting plugin CodeLiteSourceCodeAccess
LogPluginManager: Mounting plugin GitSourceControl
LogPluginManager: Mounting plugin KDevelopSourceCodeAccess
LogPluginManager: Mounting plugin NullSourceCodeAccess
LogPluginManager: Mounting plugin PerforceSourceControl
LogPluginManager: Mounting plugin PlasticSourceControl
LogPluginManager: Mounting plugin SubversionSourceControl
LogPluginManager: Mounting plugin UObjectPlugin
LogPluginManager: Mounting plugin VisualStudioCodeSourceCodeAccess
LogPluginManager: Mounting plugin VisualStudioSourceCodeAccess
LogPluginManager: Mounting plugin XCodeSourceCodeAccess
LogPluginManager: Mounting plugin AssetManagerEditor
LogPluginManager: Mounting plugin CryptoKeys
LogPluginManager: Mounting plugin CurveEditorTools
LogPluginManager: Mounting plugin DataValidation
LogPluginManager: Mounting plugin FacialAnimation
LogPluginManager: Mounting plugin GameplayTagsEditor
LogPluginManager: Mounting plugin MacGraphicsSwitching
LogPluginManager: Mounting plugin MaterialAnalyzer
LogPluginManager: Mounting plugin MobileLauncherProfileWizard
LogPluginManager: Mounting plugin PluginBrowser
LogPluginManager: Mounting plugin SpeedTreeImporter
LogPluginManager: Mounting plugin DatasmithContent
LogPluginManager: Mounting plugin VariantManagerContent
LogPluginManager: Mounting plugin AlembicImporter
LogPluginManager: Mounting plugin AutomationUtils
LogPluginManager: Mounting plugin BackChannel
LogPluginManager: Mounting plugin CharacterAI
LogPluginManager: Mounting plugin GeometryCache
LogPluginManager: Mounting plugin PlatformCrypto
LogPluginManager: Mounting plugin ProxyLODPlugin
LogPluginManager: Mounting plugin SkeletalReduction
LogPluginManager: Mounting plugin MagicLeap
LogPluginManager: Mounting plugin MagicLeapMedia
LogPluginManager: Mounting plugin MLSDK
LogPluginManager: Mounting plugin AndroidMedia
LogPluginManager: Mounting plugin AvfMedia
LogPluginManager: Mounting plugin ImgMedia
LogPluginManager: Mounting plugin MediaCompositing
LogPluginManager: Mounting plugin MediaPlayerEditor
LogPluginManager: Mounting plugin WebMMedia
LogPluginManager: Mounting plugin WmfMedia
LogPluginManager: Mounting plugin TcpMessaging
LogPluginManager: Mounting plugin UdpMessaging
LogPluginManager: Mounting plugin ActorSequence
LogPluginManager: Mounting plugin LevelSequenceEditor
LogPluginManager: Mounting plugin MatineeToLevelSequence
LogPluginManager: Mounting plugin NetcodeUnitTest
LogPluginManager: Mounting plugin NUTUnrealEngine4
LogPluginManager: Mounting plugin OnlineSubsystemGooglePlay
LogPluginManager: Mounting plugin OnlineSubsystemIOS
LogPluginManager: Mounting plugin OnlineSubsystem
LogPluginManager: Mounting plugin OnlineSubsystemNull
LogPluginManager: Mounting plugin OnlineSubsystemUtils
LogPluginManager: Mounting plugin LauncherChunkInstaller
LogPluginManager: Mounting plugin AndroidDeviceProfileSelector
LogPluginManager: Mounting plugin AndroidMoviePlayer
LogPluginManager: Mounting plugin AndroidPermission
LogPluginManager: Mounting plugin AppleImageUtils
LogPluginManager: Mounting plugin AppleMoviePlayer
LogPluginManager: Mounting plugin ArchVisCharacter
LogPluginManager: Mounting plugin AssetTags
LogPluginManager: Mounting plugin AudioCapture
LogPluginManager: Mounting plugin CableComponent
LogPluginManager: Mounting plugin CustomMeshComponent
LogPluginManager: Mounting plugin EditableMesh
LogPluginManager: Mounting plugin ExampleDeviceProfileSelector
LogPluginManager: Mounting plugin GoogleCloudMessaging
LogPluginManager: Mounting plugin IOSDeviceProfileSelector
LogPluginManager: Mounting plugin LinuxDeviceProfileSelector
LogPluginManager: Mounting plugin LocationServicesBPLibrary
LogPluginManager: Mounting plugin MobilePatchingUtils
LogPluginManager: Mounting plugin OculusVR
LogPluginManager: Mounting plugin PhysXVehicles
LogPluginManager: Mounting plugin PostSplashScreen
LogPluginManager: Mounting plugin ProceduralMeshComponent
LogPluginManager: Mounting plugin RuntimePhysXCooking
LogPluginManager: Mounting plugin SignificanceManager
LogPluginManager: Mounting plugin SteamVR
LogPluginManager: Mounting plugin WebMMoviePlayer
LogPluginManager: Mounting plugin WindowsMoviePlayer
LogPluginManager: Mounting plugin ScreenshotTools
LogInit: Using libcurl 7.55.1-DEV
LogInit:  - built for x86_64-pc-win32
LogInit:  - supports SSL with OpenSSL/1.1.1
LogInit:  - supports HTTP deflate (compression) using libz 1.2.8
LogInit:  - other features:
LogInit:      CURL_VERSION_SSL
LogInit:      CURL_VERSION_LIBZ
LogInit:      CURL_VERSION_IPV6
LogInit:      CURL_VERSION_ASYNCHDNS
LogInit:      CURL_VERSION_LARGEFILE
LogInit:      CURL_VERSION_IDN
LogInit:  CurlRequestOptions (configurable via config and command line):
LogInit:  - bVerifyPeer = true  - Libcurl will verify peer certificate
LogInit:  - bUseHttpProxy = false  - Libcurl will NOT use HTTP proxy
LogInit:  - bDontReuseConnections = false  - Libcurl will reuse connections
LogInit:  - MaxHostConnections = 16  - Libcurl will limit the number of connections to a host
LogInit:  - LocalHostAddr = Default
LogInit:  - BufferSize = 65536
LogOnline: OSS: Creating online subsystem instance for: NULL
LogInit: WinSock: version 1.1 (2.2), MaxSocks=32767, MaxUdp=65467
LogOnline: OSS: TryLoadSubsystemAndSetDefault: Loaded subsystem for module [NULL]
LogInit: Build: ++UE4+Release-4.24-CL-10757647
LogInit: Engine Version: 4.24.1-10757647+++UE4+Release-4.24
LogInit: Compatible Engine Version: 4.24.0-10570792+++UE4+Release-4.24
LogInit: Net CL: 10570792
LogInit: OS: Windows 10 (Release 1903) (), CPU: Intel(R) Core(TM) i7-8750H CPU @ 2.20GHz, GPU: Intel(R) UHD Graphics 630
LogInit: Compiled (64-bit): Dec 17 2019 02:08:03
LogInit: Compiled with Visual C++: 19.16.27032.01
LogInit: Build Configuration: Development
LogInit: Branch Name: ++UE4+Release-4.24
LogInit: Command Line: 
LogInit: Base Directory: C:/Program Files/Epic Games/UE_4.24/Engine/Binaries/Win64/
LogInit: Installed Engine Build: 1
LogDevObjectVersion: Number of dev versions registered: 25
LogDevObjectVersion:   Dev-Blueprints (B0D832E4-1F89-4F0D-ACCF-7EB736FD4AA2): 10
LogDevObjectVersion:   Dev-Build (E1C64328-A22C-4D53-A36C-8E866417BD8C): 0
LogDevObjectVersion:   Dev-Core (375EC13C-06E4-48FB-B500-84F0262A717E): 3
LogDevObjectVersion:   Dev-Editor (E4B068ED-F494-42E9-A231-DA0B2E46BB41): 37
LogDevObjectVersion:   Dev-Framework (CFFC743F-43B0-4480-9391-14DF171D2073): 36
LogDevObjectVersion:   Dev-Mobile (B02B49B5-BB20-44E9-A304-32B752E40360): 2
LogDevObjectVersion:   Dev-Networking (A4E4105C-59A1-49B5-A7C5-40C4547EDFEE): 0
LogDevObjectVersion:   Dev-Online (39C831C9-5AE6-47DC-9A44-9C173E1C8E7C): 0
LogDevObjectVersion:   Dev-Physics (78F01B33-EBEA-4F98-B9B4-84EACCB95AA2): 2
LogDevObjectVersion:   Dev-Platform (6631380F-2D4D-43E0-8009-CF276956A95A): 0
LogDevObjectVersion:   Dev-Rendering (12F88B9F-8875-4AFC-A67C-D90C383ABD29): 36
LogDevObjectVersion:   Dev-Sequencer (7B5AE74C-D270-4C10-A958-57980B212A5A): 11
LogDevObjectVersion:   Dev-VR (D7296918-1DD6-4BDD-9DE2-64A83CC13884): 2
LogDevObjectVersion:   Dev-LoadTimes (C2A15278-BFE7-4AFE-6C17-90FF531DF755): 1
LogDevObjectVersion:   Private-Geometry (6EACA3D4-40EC-4CC1-B786-8BED09428FC5): 3
LogDevObjectVersion:   Dev-AnimPhys (29E575DD-E0A3-4627-9D10-D276232CDCEA): 17
LogDevObjectVersion:   Dev-Anim (AF43A65D-7FD3-4947-9873-3E8ED9C1BB05): 2
LogDevObjectVersion:   Dev-ReflectionCapture (6B266CEC-1EC7-4B8F-A30B-E4D90942FC07): 1
LogDevObjectVersion:   Dev-Automation (0DF73D61-A23F-47EA-B727-89E90C41499A): 1
LogDevObjectVersion:   FortniteMain (601D1886-AC64-4F84-AA16-D3DE0DEAC7D6): 31
LogDevObjectVersion:   Dev-Enterprise (9DFFBCD6-494F-0158-E221-12823C92A888): 8
LogDevObjectVersion:   Dev-Niagara (F2AED0AC-9AFE-416F-8664-AA7FFA26D6FC): 1
LogDevObjectVersion:   Dev-Destruction (174F1F0B-B4C6-45A5-B13F-2EE8D0FB917D): 9
LogDevObjectVersion:   Dev-Physics-Ext (35F94A83-E258-406C-A318-09F59610247C): 8
LogDevObjectVersion:   Dev-CineCamera (B2E18506-4273-CFC2-A54E-F4BB758BBA07): 1
LogInit: Presizing for max 25165824 objects, including 0 objects not considered by GC, pre-allocating 0 bytes for permanent pool.
LogInit: Object subsystem initialized
LogConfig: Setting CVar [[con.DebugEarlyDefault:1]]
LogConfig: Setting CVar [[r.setres:1280x720]]
[2020.01.27-19.35.52:953][  0]LogConfig: Setting CVar [[r.VSync:0]]
[2020.01.27-19.35.52:953][  0]LogConfig: Setting CVar [[r.RHICmdBypass:0]]
[2020.01.27-19.35.52:953][  0]LogConfig: Applying CVar settings from Section [/Script/Engine.RendererSettings] File [C:/Users/Alex/Desktop/Unreal/SecondAssignment/ClimbingCombat/ClimbingCombat/Saved/Config/Windows/Engine.ini]
[2020.01.27-19.35.52:953][  0]LogConfig: Setting CVar [[r.GPUCrashDebugging:0]]
[2020.01.27-19.35.52:953][  0]LogConfig: Setting CVar [[r.DefaultFeature.AmbientOcclusion:0]]
[2020.01.27-19.35.52:953][  0]LogConfig: Setting CVar [[r.DefaultFeature.AmbientOcclusionStaticFraction:0]]
[2020.01.27-19.35.52:953][  0]LogConfig: Setting CVar [[vr.InstancedStereo:1]]
[2020.01.27-19.35.52:953][  0]LogConfig: Setting CVar [[r.SeparateTranslucency:0]]
[2020.01.27-19.35.52:953][  0]LogConfig: Setting CVar [[r.HZBOcclusion:0]]
[2020.01.27-19.35.52:953][  0]LogConfig: Setting CVar [[r.SSR.MaxRoughness:0]]
[2020.01.27-19.35.52:953][  0]LogConfig: Setting CVar [[r.rhicmdbypass:0]]
[2020.01.27-19.35.52:954][  0]LogConfig: Applying CVar settings from Section [/Script/Engine.RendererOverrideSettings] File [C:/Users/Alex/Desktop/Unreal/SecondAssignment/ClimbingCombat/ClimbingCombat/Saved/Config/Windows/Engine.ini]
[2020.01.27-19.35.52:954][  0]LogConfig: Applying CVar settings from Section [/Script/Engine.StreamingSettings] File [C:/Users/Alex/Desktop/Unreal/SecondAssignment/ClimbingCombat/ClimbingCombat/Saved/Config/Windows/Engine.ini]
[2020.01.27-19.35.52:954][  0]LogConfig: Setting CVar [[s.MinBulkDataSizeForAsyncLoading:131072]]
[2020.01.27-19.35.52:954][  0]LogConfig: Setting CVar [[s.AsyncLoadingThreadEnabled:0]]
[2020.01.27-19.35.52:954][  0]LogConfig: Setting CVar [[s.EventDrivenLoaderEnabled:1]]
[2020.01.27-19.35.52:954][  0]LogConfig: Setting CVar [[s.WarnIfTimeLimitExceeded:0]]
[2020.01.27-19.35.52:954][  0]LogConfig: Setting CVar [[s.TimeLimitExceededMultiplier:1.5]]
[2020.01.27-19.35.52:954][  0]LogConfig: Setting CVar [[s.TimeLimitExceededMinTime:0.005]]
[2020.01.27-19.35.52:954][  0]LogConfig: Setting CVar [[s.UseBackgroundLevelStreaming:1]]
[2020.01.27-19.35.52:954][  0]LogConfig: Setting CVar [[s.PriorityAsyncLoadingExtraTime:15.0]]
[2020.01.27-19.35.52:954][  0]LogConfig: Setting CVar [[s.LevelStreamingActorsUpdateTimeLimit:5.0]]
[2020.01.27-19.35.52:954][  0]LogConfig: Setting CVar [[s.PriorityLevelStreamingActorsUpdateExtraTime:5.0]]
[2020.01.27-19.35.52:954][  0]LogConfig: Setting CVar [[s.LevelStreamingComponentsRegistrationGranularity:10]]
[2020.01.27-19.35.52:954][  0]LogConfig: Setting CVar [[s.UnregisterComponentsTimeLimit:1.0]]
[2020.01.27-19.35.52:954][  0]LogConfig: Setting CVar [[s.LevelStreamingComponentsUnregistrationGranularity:5]]
[2020.01.27-19.35.52:954][  0]LogConfig: Setting CVar [[s.FlushStreamingOnExit:1]]
[2020.01.27-19.35.52:954][  0]LogConfig: Applying CVar settings from Section [/Script/Engine.GarbageCollectionSettings] File [C:/Users/Alex/Desktop/Unreal/SecondAssignment/ClimbingCombat/ClimbingCombat/Saved/Config/Windows/Engine.ini]
[2020.01.27-19.35.52:954][  0]LogConfig: Setting CVar [[gc.MaxObjectsNotConsideredByGC:1]]
[2020.01.27-19.35.52:954][  0]LogConfig: Setting CVar [[gc.SizeOfPermanentObjectPool:0]]
[2020.01.27-19.35.52:954][  0]LogConfig: Setting CVar [[gc.FlushStreamingOnGC:0]]
[2020.01.27-19.35.52:954][  0]LogConfig: Setting CVar [[gc.NumRetriesBeforeForcingGC:10]]
[2020.01.27-19.35.52:954][  0]LogConfig: Setting CVar [[gc.AllowParallelGC:1]]
[2020.01.27-19.35.52:954][  0]LogConfig: Setting CVar [[gc.TimeBetweenPurgingPendingKillObjects:61.1]]
[2020.01.27-19.35.52:954][  0]LogConfig: Setting CVar [[gc.MaxObjectsInEditor:25165824]]
[2020.01.27-19.35.52:955][  0]LogConfig: Setting CVar [[gc.IncrementalBeginDestroyEnabled:1]]
[2020.01.27-19.35.52:955][  0]LogConfig: Setting CVar [[gc.CreateGCClusters:1]]
[2020.01.27-19.35.52:955][  0]LogConfig: Setting CVar [[gc.MinGCClusterSize:5]]
[2020.01.27-19.35.52:955][  0]LogConfig: Setting CVar [[gc.ActorClusteringEnabled:0]]
[2020.01.27-19.35.52:955][  0]LogConfig: Setting CVar [[gc.BlueprintClusteringEnabled:0]]
[2020.01.27-19.35.52:955][  0]LogConfig: Setting CVar [[gc.UseDisregardForGCOnDedicatedServers:0]]
[2020.01.27-19.35.52:955][  0]LogConfig: Applying CVar settings from Section [/Script/Engine.NetworkSettings] File [C:/Users/Alex/Desktop/Unreal/SecondAssignment/ClimbingCombat/ClimbingCombat/Saved/Config/Windows/Engine.ini]
[2020.01.27-19.35.52:955][  0]LogConfig: Applying CVar settings from Section [/Script/UnrealEd.CookerSettings] File [C:/Users/Alex/Desktop/Unreal/SecondAssignment/ClimbingCombat/ClimbingCombat/Saved/Config/Windows/Engine.ini]
[2020.01.27-19.35.52:961][  0]LogConfig: Applying CVar settings from Section [ViewDistanceQuality@3] File [C:/Users/Alex/Desktop/Unreal/SecondAssignment/ClimbingCombat/ClimbingCombat/Saved/Config/Windows/Scalability.ini]
[2020.01.27-19.35.52:961][  0]LogConfig: Setting CVar [[r.SkeletalMeshLODBias:0]]
[2020.01.27-19.35.52:961][  0]LogConfig: Setting CVar [[r.ViewDistanceScale:1.0]]
[2020.01.27-19.35.52:961][  0]LogConfig: Applying CVar settings from Section [AntiAliasingQuality@3] File [C:/Users/Alex/Desktop/Unreal/SecondAssignment/ClimbingCombat/ClimbingCombat/Saved/Config/Windows/Scalability.ini]
[2020.01.27-19.35.52:961][  0]LogConfig: Setting CVar [[r.PostProcessAAQuality:3]]
[2020.01.27-19.35.52:961][  0]LogConfig: Applying CVar settings from Section [ShadowQuality@3] File [C:/Users/Alex/Desktop/Unreal/SecondAssignment/ClimbingCombat/ClimbingCombat/Saved/Config/Windows/Scalability.ini]
[2020.01.27-19.35.52:961][  0]LogConfig: Setting CVar [[r.LightFunctionQuality:1]]
[2020.01.27-19.35.52:961][  0]LogConfig: Setting CVar [[r.ShadowQuality:5]]
[2020.01.27-19.35.52:961][  0]LogConfig: Setting CVar [[r.Shadow.CSM.MaxCascades:10]]
[2020.01.27-19.35.52:961][  0]LogConfig: Setting CVar [[r.Shadow.MaxResolution:2048]]
[2020.01.27-19.35.52:961][  0]LogConfig: Setting CVar [[r.Shadow.MaxCSMResolution:2048]]
[2020.01.27-19.35.52:961][  0]LogConfig: Setting CVar [[r.Shadow.RadiusThreshold:0.01]]
[2020.01.27-19.35.52:961][  0]LogConfig: Setting CVar [[r.Shadow.DistanceScale:1.0]]
[2020.01.27-19.35.52:961][  0]LogConfig: Setting CVar [[r.Shadow.CSM.TransitionScale:1.0]]
[2020.01.27-19.35.52:961][  0]LogConfig: Setting CVar [[r.Shadow.PreShadowResolutionFactor:1.0]]
[2020.01.27-19.35.52:961][  0]LogConfig: Setting CVar [[r.DistanceFieldShadowing:1]]
[2020.01.27-19.35.52:961][  0]LogConfig: Setting CVar [[r.DistanceFieldAO:1]]
[2020.01.27-19.35.52:961][  0]LogConfig: Setting CVar [[r.AOQuality:2]]
[2020.01.27-19.35.52:961][  0]LogConfig: Setting CVar [[r.VolumetricFog:1]]
[2020.01.27-19.35.52:961][  0]LogConfig: Setting CVar [[r.VolumetricFog.GridPixelSize:8]]
[2020.01.27-19.35.52:961][  0]LogConfig: Setting CVar [[r.VolumetricFog.GridSizeZ:128]]
[2020.01.27-19.35.52:962][  0]LogConfig: Setting CVar [[r.VolumetricFog.HistoryMissSupersampleCount:4]]
[2020.01.27-19.35.52:962][  0]LogConfig: Setting CVar [[r.LightMaxDrawDistanceScale:1]]
[2020.01.27-19.35.52:962][  0]LogConfig: Setting CVar [[r.CapsuleShadows:1]]
[2020.01.27-19.35.52:962][  0]LogConfig: Applying CVar settings from Section [PostProcessQuality@3] File [C:/Users/Alex/Desktop/Unreal/SecondAssignment/ClimbingCombat/ClimbingCombat/Saved/Config/Windows/Scalability.ini]
[2020.01.27-19.35.52:962][  0]LogConfig: Setting CVar [[r.MotionBlurQuality:0]]
[2020.01.27-19.35.52:962][  0]LogConfig: Setting CVar [[r.AmbientOcclusionMipLevelFactor:0.4]]
[2020.01.27-19.35.52:962][  0]LogConfig: Setting CVar [[r.AmbientOcclusionMaxQuality:100]]
[2020.01.27-19.35.52:962][  0]LogConfig: Setting CVar [[r.AmbientOcclusionLevels:0]]
[2020.01.27-19.35.52:962][  0]LogConfig: Setting CVar [[r.AmbientOcclusionRadiusScale:1.0]]
[2020.01.27-19.35.52:962][  0]LogConfig: Setting CVar [[r.DepthOfFieldQuality:0]]
[2020.01.27-19.35.52:962][  0]LogConfig: Setting CVar [[r.RenderTargetPoolMin:400]]
[2020.01.27-19.35.52:962][  0]LogConfig: Setting CVar [[r.LensFlareQuality:0]]
[2020.01.27-19.35.52:962][  0]LogConfig: Setting CVar [[r.SceneColorFringeQuality:0]]
[2020.01.27-19.35.52:962][  0]LogConfig: Setting CVar [[r.EyeAdaptationQuality:2]]
[2020.01.27-19.35.52:962][  0]LogConfig: Setting CVar [[r.BloomQuality:1]]
[2020.01.27-19.35.52:962][  0]LogConfig: Setting CVar [[r.FastBlurThreshold:0]]
[2020.01.27-19.35.52:962][  0]LogConfig: Setting CVar [[r.Upscale.Quality:3]]
[2020.01.27-19.35.52:962][  0]LogConfig: Setting CVar [[r.Tonemapper.GrainQuantization:1]]
[2020.01.27-19.35.52:962][  0]LogConfig: Setting CVar [[r.LightShaftQuality:1]]
[2020.01.27-19.35.52:962][  0]LogConfig: Setting CVar [[r.Filter.SizeScale:1]]
[2020.01.27-19.35.52:962][  0]LogConfig: Setting CVar [[r.Tonemapper.Quality:5]]
[2020.01.27-19.35.52:962][  0]LogConfig: Setting CVar [[r.DOF.Gather.AccumulatorQuality:1        ; higher gathering accumulator quality]]
[2020.01.27-19.35.52:962][  0]LogConfig: Setting CVar [[r.DOF.Gather.PostfilterMethod:1          ; Median3x3 postfilering method]]
[2020.01.27-19.35.52:962][  0]LogConfig: Setting CVar [[r.DOF.Gather.EnableBokehSettings:0       ; no bokeh simulation when gathering]]
[2020.01.27-19.35.52:962][  0]LogConfig: Setting CVar [[r.DOF.Gather.RingCount:4                 ; medium number of samples when gathering]]
[2020.01.27-19.35.52:963][  0]LogConfig: Setting CVar [[r.DOF.Scatter.ForegroundCompositing:1    ; additive foreground scattering]]
[2020.01.27-19.35.52:963][  0]LogConfig: Setting CVar [[r.DOF.Scatter.BackgroundCompositing:2    ; additive background scattering]]
[2020.01.27-19.35.52:963][  0]LogConfig: Setting CVar [[r.DOF.Scatter.EnableBokehSettings:1      ; bokeh simulation when scattering]]
[2020.01.27-19.35.52:963][  0]LogConfig: Setting CVar [[r.DOF.Scatter.MaxSpriteRatio:0.1         ; only a maximum of 10% of scattered bokeh]]
[2020.01.27-19.35.52:963][  0]LogConfig: Setting CVar [[r.DOF.Recombine.Quality:1                ; cheap slight out of focus]]
[2020.01.27-19.35.52:963][  0]LogConfig: Setting CVar [[r.DOF.Recombine.EnableBokehSettings:0    ; no bokeh simulation on slight out of focus]]
[2020.01.27-19.35.52:963][  0]LogConfig: Setting CVar [[r.DOF.TemporalAAQuality:1                ; more stable temporal accumulation]]
[2020.01.27-19.35.52:963][  0]LogConfig: Setting CVar [[r.DOF.Kernel.MaxForegroundRadius:0.025]]
[2020.01.27-19.35.52:963][  0]LogConfig: Setting CVar [[r.DOF.Kernel.MaxBackgroundRadius:0.025]]
[2020.01.27-19.35.52:963][  0]LogConfig: Applying CVar settings from Section [TextureQuality@3] File [C:/Users/Alex/Desktop/Unreal/SecondAssignment/ClimbingCombat/ClimbingCombat/Saved/Config/Windows/Scalability.ini]
[2020.01.27-19.35.52:963][  0]LogConfig: Setting CVar [[r.Streaming.MipBias:0]]
[2020.01.27-19.35.52:963][  0]LogConfig: Setting CVar [[r.Streaming.AmortizeCPUToGPUCopy:0]]
[2020.01.27-19.35.52:963][  0]LogConfig: Setting CVar [[r.Streaming.MaxNumTexturesToStreamPerFrame:0]]
[2020.01.27-19.35.52:963][  0]LogConfig: Setting CVar [[r.Streaming.Boost:1]]
[2020.01.27-19.35.52:963][  0]LogConfig: Setting CVar [[r.MaxAnisotropy:8]]
[2020.01.27-19.35.52:963][  0]LogConfig: Setting CVar [[r.VT.MaxAnisotropy:8]]
[2020.01.27-19.35.52:963][  0]LogConfig: Setting CVar [[r.Streaming.LimitPoolSizeToVRAM:0]]
[2020.01.27-19.35.52:963][  0]LogConfig: Setting CVar [[r.Streaming.PoolSize:1000]]
[2020.01.27-19.35.52:963][  0]LogConfig: Setting CVar [[r.Streaming.MaxEffectiveScreenSize:0]]
[2020.01.27-19.35.52:963][  0]LogConfig: Applying CVar settings from Section [EffectsQuality@3] File [C:/Users/Alex/Desktop/Unreal/SecondAssignment/ClimbingCombat/ClimbingCombat/Saved/Config/Windows/Scalability.ini]
[2020.01.27-19.35.52:963][  0]LogConfig: Setting CVar [[r.TranslucencyLightingVolumeDim:4]]
[2020.01.27-19.35.52:963][  0]LogConfig: Setting CVar [[r.RefractionQuality:2]]
[2020.01.27-19.35.52:963][  0]LogConfig: Setting CVar [[r.SSR.Quality:0]]
[2020.01.27-19.35.52:963][  0]LogConfig: Setting CVar [[r.SSR.HalfResSceneColor:0]]
[2020.01.27-19.35.52:963][  0]LogConfig: Setting CVar [[r.SceneColorFormat:2]]
[2020.01.27-19.35.52:963][  0]LogConfig: Setting CVar [[r.DetailMode:2]]
[2020.01.27-19.35.52:963][  0]LogConfig: Setting CVar [[r.TranslucencyVolumeBlur:0]]
[2020.01.27-19.35.52:963][  0]LogConfig: Setting CVar [[r.MaterialQualityLevel:1 ; High quality]]
[2020.01.27-19.35.52:964][  0]LogConfig: Setting CVar [[r.SSS.Scale:1]]
[2020.01.27-19.35.52:964][  0]LogConfig: Setting CVar [[r.SSS.SampleSet:2]]
[2020.01.27-19.35.52:964][  0]LogConfig: Setting CVar [[r.SSS.Quality:1]]
[2020.01.27-19.35.52:964][  0]LogConfig: Setting CVar [[r.SSS.HalfRes:1]]
[2020.01.27-19.35.52:964][  0]LogConfig: Setting CVar [[r.SSGI.Quality:3]]
[2020.01.27-19.35.52:964][  0]LogConfig: Setting CVar [[r.EmitterSpawnRateScale:1.0]]
[2020.01.27-19.35.52:964][  0]LogConfig: Setting CVar [[r.ParticleLightQuality:2]]
[2020.01.27-19.35.52:964][  0]LogConfig: Setting CVar [[r.SkyAtmosphere.AerialPerspectiveLUT.FastApplyOnOpaque:1 ; Always have FastSkyLUT 1 in this case to avoid wrong sky]]
[2020.01.27-19.35.52:964][  0]LogConfig: Setting CVar [[r.SkyAtmosphere.AerialPerspectiveLUT.SampleCountPerSlice:1]]
[2020.01.27-19.35.52:964][  0]LogConfig: Setting CVar [[r.SkyAtmosphere.AerialPerspectiveLUT.DepthResolution:16.0]]
[2020.01.27-19.35.52:964][  0]LogConfig: Setting CVar [[r.SkyAtmosphere.FastSkyLUT:1]]
[2020.01.27-19.35.52:964][  0]LogConfig: Setting CVar [[r.SkyAtmosphere.FastSkyLUT.SampleCountMin:4.0]]
[2020.01.27-19.35.52:964][  0]LogConfig: Setting CVar [[r.SkyAtmosphere.FastSkyLUT.SampleCountMax:32.0]]
[2020.01.27-19.35.52:964][  0]LogConfig: Setting CVar [[r.SkyAtmosphere.SampleCountMin:4.0]]
[2020.01.27-19.35.52:964][  0]LogConfig: Setting CVar [[r.SkyAtmosphere.SampleCountMax:32.0]]
[2020.01.27-19.35.52:964][  0]LogConfig: Setting CVar [[r.SkyAtmosphere.TransmittanceLUT.UseSmallFormat:0]]
[2020.01.27-19.35.52:964][  0]LogConfig: Setting CVar [[r.SkyAtmosphere.TransmittanceLUT.SampleCount:10.0]]
[2020.01.27-19.35.52:964][  0]LogConfig: Setting CVar [[r.SkyAtmosphere.MultiScatteringLUT.SampleCount:15.0]]
[2020.01.27-19.35.52:964][  0]LogConfig: Applying CVar settings from Section [FoliageQuality@3] File [C:/Users/Alex/Desktop/Unreal/SecondAssignment/ClimbingCombat/ClimbingCombat/Saved/Config/Windows/Scalability.ini]
[2020.01.27-19.35.52:964][  0]LogConfig: Setting CVar [[foliage.DensityScale:1.0]]
[2020.01.27-19.35.52:964][  0]LogConfig: Setting CVar [[grass.DensityScale:1.0]]
[2020.01.27-19.35.52:964][  0]LogConfig: Applying CVar settings from Section [ShadingQuality@3] File [C:/Users/Alex/Desktop/Unreal/SecondAssignment/ClimbingCombat/ClimbingCombat/Saved/Config/Windows/Scalability.ini]
[2020.01.27-19.35.52:964][  0]LogConfig: Setting CVar [[r.HairStrands.SkyLighting.SampleCount:16]]
[2020.01.27-19.35.52:965][  0]LogConfig: Setting CVar [[r.HairStrands.SkyLighting.JitterIntegration:0]]
[2020.01.27-19.35.52:965][  0]LogConfig: Setting CVar [[r.HairStrands.SkyAO.SampleCount:16]]
[2020.01.27-19.35.52:965][  0]LogInit: Selected Device Profile: [Windows]
[2020.01.27-19.35.52:965][  0]LogInit: Applying CVar settings loaded from the selected device profile: [Windows]
[2020.01.27-19.35.52:974][  0]LogHAL: Display: Platform has ~ 16 GB [17032613888 / 17179869184 / 16], which maps to Larger [LargestMinGB=32, LargerMinGB=12, DefaultMinGB=8, SmallerMinGB=6, SmallestMinGB=0)
[2020.01.27-19.35.52:974][  0]LogInit: Going up to parent DeviceProfile []
[2020.01.27-19.35.52:974][  0]LogConfig: Applying CVar settings from Section [ViewDistanceQuality@3] File [C:/Users/Alex/Desktop/Unreal/SecondAssignment/ClimbingCombat/ClimbingCombat/Saved/Config/Windows/Scalability.ini]
[2020.01.27-19.35.52:974][  0]LogConfig: Setting CVar [[r.SkeletalMeshLODBias:0]]
[2020.01.27-19.35.52:974][  0]LogConfig: Setting CVar [[r.ViewDistanceScale:1.0]]
[2020.01.27-19.35.52:974][  0]LogConfig: Applying CVar settings from Section [AntiAliasingQuality@3] File [C:/Users/Alex/Desktop/Unreal/SecondAssignment/ClimbingCombat/ClimbingCombat/Saved/Config/Windows/Scalability.ini]
[2020.01.27-19.35.52:974][  0]LogConfig: Setting CVar [[r.PostProcessAAQuality:3]]
[2020.01.27-19.35.52:974][  0]LogConfig: Applying CVar settings from Section [ShadowQuality@3] File [C:/Users/Alex/Desktop/Unreal/SecondAssignment/ClimbingCombat/ClimbingCombat/Saved/Config/Windows/Scalability.ini]
[2020.01.27-19.35.52:974][  0]LogConfig: Setting CVar [[r.LightFunctionQuality:1]]
[2020.01.27-19.35.52:974][  0]LogConfig: Setting CVar [[r.ShadowQuality:5]]
[2020.01.27-19.35.52:975][  0]LogConfig: Setting CVar [[r.Shadow.CSM.MaxCascades:10]]
[2020.01.27-19.35.52:975][  0]LogConfig: Setting CVar [[r.Shadow.MaxResolution:2048]]
[2020.01.27-19.35.52:975][  0]LogConfig: Setting CVar [[r.Shadow.MaxCSMResolution:2048]]
[2020.01.27-19.35.52:975][  0]LogConfig: Setting CVar [[r.Shadow.RadiusThreshold:0.01]]
[2020.01.27-19.35.52:975][  0]LogConfig: Setting CVar [[r.Shadow.DistanceScale:1.0]]
[2020.01.27-19.35.52:975][  0]LogConfig: Setting CVar [[r.Shadow.CSM.TransitionScale:1.0]]
[2020.01.27-19.35.52:975][  0]LogConfig: Setting CVar [[r.Shadow.PreShadowResolutionFactor:1.0]]
[2020.01.27-19.35.52:975][  0]LogConfig: Setting CVar [[r.DistanceFieldShadowing:1]]
[2020.01.27-19.35.52:975][  0]LogConfig: Setting CVar [[r.DistanceFieldAO:1]]
[2020.01.27-19.35.52:975][  0]LogConfig: Setting CVar [[r.AOQuality:2]]
[2020.01.27-19.35.52:975][  0]LogConfig: Setting CVar [[r.VolumetricFog:1]]
[2020.01.27-19.35.52:975][  0]LogConfig: Setting CVar [[r.VolumetricFog.GridPixelSize:8]]
[2020.01.27-19.35.52:975][  0]LogConfig: Setting CVar [[r.VolumetricFog.GridSizeZ:128]]
[2020.01.27-19.35.52:975][  0]LogConfig: Setting CVar [[r.VolumetricFog.HistoryMissSupersampleCount:4]]
[2020.01.27-19.35.52:975][  0]LogConfig: Setting CVar [[r.LightMaxDrawDistanceScale:1]]
[2020.01.27-19.35.52:975][  0]LogConfig: Setting CVar [[r.CapsuleShadows:1]]
[2020.01.27-19.35.52:975][  0]LogConfig: Applying CVar settings from Section [PostProcessQuality@3] File [C:/Users/Alex/Desktop/Unreal/SecondAssignment/ClimbingCombat/ClimbingCombat/Saved/Config/Windows/Scalability.ini]
[2020.01.27-19.35.52:975][  0]LogConfig: Setting CVar [[r.MotionBlurQuality:0]]
[2020.01.27-19.35.52:975][  0]LogConfig: Setting CVar [[r.AmbientOcclusionMipLevelFactor:0.4]]
[2020.01.27-19.35.52:975][  0]LogConfig: Setting CVar [[r.AmbientOcclusionMaxQuality:100]]
[2020.01.27-19.35.52:975][  0]LogConfig: Setting CVar [[r.AmbientOcclusionLevels:0]]
[2020.01.27-19.35.52:975][  0]LogConfig: Setting CVar [[r.AmbientOcclusionRadiusScale:1.0]]
[2020.01.27-19.35.52:975][  0]LogConfig: Setting CVar [[r.DepthOfFieldQuality:0]]
[2020.01.27-19.35.52:975][  0]LogConfig: Setting CVar [[r.RenderTargetPoolMin:400]]
[2020.01.27-19.35.52:975][  0]LogConfig: Setting CVar [[r.LensFlareQuality:0]]
[2020.01.27-19.35.52:975][  0]LogConfig: Setting CVar [[r.SceneColorFringeQuality:0]]
[2020.01.27-19.35.52:975][  0]LogConfig: Setting CVar [[r.EyeAdaptationQuality:2]]
[2020.01.27-19.35.52:975][  0]LogConfig: Setting CVar [[r.BloomQuality:1]]
[2020.01.27-19.35.52:975][  0]LogConfig: Setting CVar [[r.FastBlurThreshold:0]]
[2020.01.27-19.35.52:975][  0]LogConfig: Setting CVar [[r.Upscale.Quality:3]]
[2020.01.27-19.35.52:975][  0]LogConfig: Setting CVar [[r.Tonemapper.GrainQuantization:1]]
[2020.01.27-19.35.52:975][  0]LogConfig: Setting CVar [[r.LightShaftQuality:1]]
[2020.01.27-19.35.52:975][  0]LogConfig: Setting CVar [[r.Filter.SizeScale:1]]
[2020.01.27-19.35.52:975][  0]LogConfig: Setting CVar [[r.Tonemapper.Quality:5]]
[2020.01.27-19.35.52:976][  0]LogConfig: Setting CVar [[r.DOF.Gather.AccumulatorQuality:1        ; higher gathering accumulator quality]]
[2020.01.27-19.35.52:976][  0]LogConfig: Setting CVar [[r.DOF.Gather.PostfilterMethod:1          ; Median3x3 postfilering method]]
[2020.01.27-19.35.52:976][  0]LogConfig: Setting CVar [[r.DOF.Gather.EnableBokehSettings:0       ; no bokeh simulation when gathering]]
[2020.01.27-19.35.52:976][  0]LogConfig: Setting CVar [[r.DOF.Gather.RingCount:4                 ; medium number of samples when gathering]]
[2020.01.27-19.35.52:976][  0]LogConfig: Setting CVar [[r.DOF.Scatter.ForegroundCompositing:1    ; additive foreground scattering]]
[2020.01.27-19.35.52:976][  0]LogConfig: Setting CVar [[r.DOF.Scatter.BackgroundCompositing:2    ; additive background scattering]]
[2020.01.27-19.35.52:976][  0]LogConfig: Setting CVar [[r.DOF.Scatter.EnableBokehSettings:1      ; bokeh simulation when scattering]]
[2020.01.27-19.35.52:976][  0]LogConfig: Setting CVar [[r.DOF.Scatter.MaxSpriteRatio:0.1         ; only a maximum of 10% of scattered bokeh]]
[2020.01.27-19.35.52:976][  0]LogConfig: Setting CVar [[r.DOF.Recombine.Quality:1                ; cheap slight out of focus]]
[2020.01.27-19.35.52:976][  0]LogConfig: Setting CVar [[r.DOF.Recombine.EnableBokehSettings:0    ; no bokeh simulation on slight out of focus]]
[2020.01.27-19.35.52:976][  0]LogConfig: Setting CVar [[r.DOF.TemporalAAQuality:1                ; more stable temporal accumulation]]
[2020.01.27-19.35.52:976][  0]LogConfig: Setting CVar [[r.DOF.Kernel.MaxForegroundRadius:0.025]]
[2020.01.27-19.35.52:976][  0]LogConfig: Setting CVar [[r.DOF.Kernel.MaxBackgroundRadius:0.025]]
[2020.01.27-19.35.52:976][  0]LogConfig: Applying CVar settings from Section [TextureQuality@3] File [C:/Users/Alex/Desktop/Unreal/SecondAssignment/ClimbingCombat/ClimbingCombat/Saved/Config/Windows/Scalability.ini]
[2020.01.27-19.35.52:976][  0]LogConfig: Setting CVar [[r.Streaming.MipBias:0]]
[2020.01.27-19.35.52:976][  0]LogConfig: Setting CVar [[r.Streaming.AmortizeCPUToGPUCopy:0]]
[2020.01.27-19.35.52:976][  0]LogConfig: Setting CVar [[r.Streaming.MaxNumTexturesToStreamPerFrame:0]]
[2020.01.27-19.35.52:976][  0]LogConfig: Setting CVar [[r.Streaming.Boost:1]]
[2020.01.27-19.35.52:976][  0]LogConfig: Setting CVar [[r.MaxAnisotropy:8]]
[2020.01.27-19.35.52:976][  0]LogConfig: Setting CVar [[r.VT.MaxAnisotropy:8]]
[2020.01.27-19.35.52:976][  0]LogConfig: Setting CVar [[r.Streaming.LimitPoolSizeToVRAM:0]]
[2020.01.27-19.35.52:976][  0]LogConfig: Setting CVar [[r.Streaming.PoolSize:1000]]
[2020.01.27-19.35.52:976][  0]LogConfig: Setting CVar [[r.Streaming.MaxEffectiveScreenSize:0]]
[2020.01.27-19.35.52:976][  0]LogConfig: Applying CVar settings from Section [EffectsQuality@3] File [C:/Users/Alex/Desktop/Unreal/SecondAssignment/ClimbingCombat/ClimbingCombat/Saved/Config/Windows/Scalability.ini]
[2020.01.27-19.35.52:976][  0]LogConfig: Setting CVar [[r.TranslucencyLightingVolumeDim:4]]
[2020.01.27-19.35.52:976][  0]LogConfig: Setting CVar [[r.RefractionQuality:2]]
[2020.01.27-19.35.52:976][  0]LogConfig: Setting CVar [[r.SSR.Quality:0]]
[2020.01.27-19.35.52:976][  0]LogConfig: Setting CVar [[r.SSR.HalfResSceneColor:0]]
[2020.01.27-19.35.52:977][  0]LogConfig: Setting CVar [[r.SceneColorFormat:2]]
[2020.01.27-19.35.52:977][  0]LogConfig: Setting CVar [[r.DetailMode:2]]
[2020.01.27-19.35.52:977][  0]LogConfig: Setting CVar [[r.TranslucencyVolumeBlur:0]]
[2020.01.27-19.35.52:977][  0]LogConfig: Setting CVar [[r.MaterialQualityLevel:1 ; High quality]]
[2020.01.27-19.35.52:977][  0]LogConfig: Setting CVar [[r.SSS.Scale:1]]
[2020.01.27-19.35.52:977][  0]LogConfig: Setting CVar [[r.SSS.SampleSet:2]]
[2020.01.27-19.35.52:977][  0]LogConfig: Setting CVar [[r.SSS.Quality:1]]
[2020.01.27-19.35.52:977][  0]LogConfig: Setting CVar [[r.SSS.HalfRes:1]]
[2020.01.27-19.35.52:977][  0]LogConfig: Setting CVar [[r.SSGI.Quality:3]]
[2020.01.27-19.35.52:977][  0]LogConfig: Setting CVar [[r.EmitterSpawnRateScale:1.0]]
[2020.01.27-19.35.52:977][  0]LogConfig: Setting CVar [[r.ParticleLightQuality:2]]
[2020.01.27-19.35.52:977][  0]LogConfig: Setting CVar [[r.SkyAtmosphere.AerialPerspectiveLUT.FastApplyOnOpaque:1 ; Always have FastSkyLUT 1 in this case to avoid wrong sky]]
[2020.01.27-19.35.52:977][  0]LogConfig: Setting CVar [[r.SkyAtmosphere.AerialPerspectiveLUT.SampleCountPerSlice:1]]
[2020.01.27-19.35.52:977][  0]LogConfig: Setting CVar [[r.SkyAtmosphere.AerialPerspectiveLUT.DepthResolution:16.0]]
[2020.01.27-19.35.52:977][  0]LogConfig: Setting CVar [[r.SkyAtmosphere.FastSkyLUT:1]]
[2020.01.27-19.35.52:977][  0]LogConfig: Setting CVar [[r.SkyAtmosphere.FastSkyLUT.SampleCountMin:4.0]]
[2020.01.27-19.35.52:977][  0]LogConfig: Setting CVar [[r.SkyAtmosphere.FastSkyLUT.SampleCountMax:32.0]]
[2020.01.27-19.35.52:977][  0]LogConfig: Setting CVar [[r.SkyAtmosphere.SampleCountMin:4.0]]
[2020.01.27-19.35.52:977][  0]LogConfig: Setting CVar [[r.SkyAtmosphere.SampleCountMax:32.0]]
[2020.01.27-19.35.52:977][  0]LogConfig: Setting CVar [[r.SkyAtmosphere.TransmittanceLUT.UseSmallFormat:0]]
[2020.01.27-19.35.52:977][  0]LogConfig: Setting CVar [[r.SkyAtmosphere.TransmittanceLUT.SampleCount:10.0]]
[2020.01.27-19.35.52:977][  0]LogConfig: Setting CVar [[r.SkyAtmosphere.MultiScatteringLUT.SampleCount:15.0]]
[2020.01.27-19.35.52:977][  0]LogConfig: Applying CVar settings from Section [FoliageQuality@3] File [C:/Users/Alex/Desktop/Unreal/SecondAssignment/ClimbingCombat/ClimbingCombat/Saved/Config/Windows/Scalability.ini]
[2020.01.27-19.35.52:978][  0]LogConfig: Setting CVar [[foliage.DensityScale:1.0]]
[2020.01.27-19.35.52:978][  0]LogConfig: Setting CVar [[grass.DensityScale:1.0]]
[2020.01.27-19.35.52:978][  0]LogConfig: Applying CVar settings from Section [ShadingQuality@3] File [C:/Users/Alex/Desktop/Unreal/SecondAssignment/ClimbingCombat/ClimbingCombat/Saved/Config/Windows/Scalability.ini]
[2020.01.27-19.35.52:978][  0]LogConfig: Setting CVar [[r.HairStrands.SkyLighting.SampleCount:16]]
[2020.01.27-19.35.52:978][  0]LogConfig: Setting CVar [[r.HairStrands.SkyLighting.JitterIntegration:0]]
[2020.01.27-19.35.52:978][  0]LogConfig: Setting CVar [[r.HairStrands.SkyAO.SampleCount:16]]
[2020.01.27-19.35.52:978][  0]LogConfig: Applying CVar settings from Section [Startup] File [../../../Engine/Config/ConsoleVariables.ini]
[2020.01.27-19.35.52:978][  0]LogConfig: Setting CVar [[net.UseAdaptiveNetUpdateFrequency:0]]
[2020.01.27-19.35.52:978][  0]LogConfig: Setting CVar [[p.chaos.AllowCreatePhysxBodies:1]]
[2020.01.27-19.35.52:978][  0]LogConfig: Applying CVar settings from Section [ConsoleVariables] File [C:/Users/Alex/Desktop/Unreal/SecondAssignment/ClimbingCombat/ClimbingCombat/Saved/Config/Windows/Engine.ini]
[2020.01.27-19.35.52:979][  0]LogInit: Computer: DESKTOP-A68RBG3
[2020.01.27-19.35.52:979][  0]LogInit: User: Alex
[2020.01.27-19.35.52:979][  0]LogInit: CPU Page size=4096, Cores=6
[2020.01.27-19.35.52:979][  0]LogInit: High frequency timer resolution =10.000000 MHz
[2020.01.27-19.35.52:979][  0]LogMemory: Memory total: Physical=15.9GB (16GB approx)
[2020.01.27-19.35.52:979][  0]LogMemory: Platform Memory Stats for Windows
[2020.01.27-19.35.52:979][  0]LogMemory: Process Physical Memory: 105.70 MB used, 105.70 MB peak
[2020.01.27-19.35.52:979][  0]LogMemory: Process Virtual Memory: 101.52 MB used, 101.52 MB peak
[2020.01.27-19.35.52:979][  0]LogMemory: Physical Memory: 8970.43 MB used,  7273.14 MB free, 16243.57 MB total
[2020.01.27-19.35.52:980][  0]LogMemory: Virtual Memory: 5159.21 MB used,  134212568.00 MB free, 134217728.00 MB total
[2020.01.27-19.35.52:987][  0]LogWindows: WindowsPlatformFeatures enabled
[2020.01.27-19.35.53:063][  0]LogInit: Using OS detected language (en-US).
[2020.01.27-19.35.53:063][  0]LogInit: Using OS detected locale (en-US).
[2020.01.27-19.35.53:066][  0]LogTextLocalizationManager: No specific localization for 'en-US' exists, so the 'en' localization will be used.
[2020.01.27-19.35.53:498][  0]LogInit: Setting process to per monitor DPI aware
[2020.01.27-19.35.53:561][  0]LogSlate: New Slate User Created.  User Index 0, Is Virtual User: 0
[2020.01.27-19.35.53:561][  0]LogSlate: Slate User Registered.  User Index 0, Is Virtual User: 0
[2020.01.27-19.35.54:080][  0]LogHMD: Failed to initialize OpenVR with code 110
[2020.01.27-19.35.54:081][  0]LogD3D11RHI: D3D11 min allowed feature level: 11_0
[2020.01.27-19.35.54:081][  0]LogD3D11RHI: D3D11 max allowed feature level: 11_0
[2020.01.27-19.35.54:081][  0]LogD3D11RHI: D3D11 adapters:
[2020.01.27-19.35.55:472][  0]LogD3D11RHI:    0. 'NVIDIA GeForce GTX 1050 Ti' (Feature Level 11_0)
[2020.01.27-19.35.55:472][  0]LogD3D11RHI:       4018/0/8121 MB DedicatedVideo/DedicatedSystem/SharedSystem, Outputs:1, VendorId:0x10de
[2020.01.27-19.35.55:550][  0]LogD3D11RHI:    1. 'Intel(R) UHD Graphics 630' (Feature Level 11_0)
[2020.01.27-19.35.55:551][  0]LogD3D11RHI:       128/0/8121 MB DedicatedVideo/DedicatedSystem/SharedSystem, Outputs:0, VendorId:0x8086
[2020.01.27-19.35.55:579][  0]LogD3D11RHI:    2. 'Microsoft Basic Render Driver' (Feature Level 11_0)
[2020.01.27-19.35.55:579][  0]LogD3D11RHI:       0/0/8121 MB DedicatedVideo/DedicatedSystem/SharedSystem, Outputs:0, VendorId:0x1414
[2020.01.27-19.35.55:579][  0]LogD3D11RHI: Chosen D3D11 Adapter: 0
[2020.01.27-19.35.55:717][  0]LogD3D11RHI: Creating new Direct3DDevice
[2020.01.27-19.35.55:718][  0]LogD3D11RHI:     GPU DeviceId: 0x1c8c (for the marketing name, search the web for "GPU Device Id")
[2020.01.27-19.35.55:718][  0]LogWindows: EnumDisplayDevices:
[2020.01.27-19.35.55:718][  0]LogWindows:    0. 'Intel(R) UHD Graphics 630' (P:1 D:1)
[2020.01.27-19.35.55:719][  0]LogWindows:    1. 'Intel(R) UHD Graphics 630' (P:0 D:0)
[2020.01.27-19.35.55:720][  0]LogWindows:    2. 'Intel(R) UHD Graphics 630' (P:0 D:0)
[2020.01.27-19.35.55:721][  0]LogWindows:    3. 'NVIDIA GeForce GTX 1050 Ti' (P:0 D:0)
[2020.01.27-19.35.55:722][  0]LogWindows: DebugString: PrimaryIsNotTheChoosenAdapter PrimaryIsNotTheChoosenAdapter PrimaryIsNotTheChoosenAdapter 
[2020.01.27-19.35.55:722][  0]LogD3D11RHI:     Adapter Name: NVIDIA GeForce GTX 1050 Ti
[2020.01.27-19.35.55:722][  0]LogD3D11RHI:   Driver Version: 419.72 (internal:25.21.14.1972, unified:419.72)
[2020.01.27-19.35.55:722][  0]LogD3D11RHI:      Driver Date: 3-18-2019
[2020.01.27-19.35.55:722][  0]LogRHI: Texture pool is 2812 MB (70% of 4018 MB)
[2020.01.27-19.35.55:877][  0]LogD3D11RHI: RHI has support for 64 bit atomics
[2020.01.27-19.35.55:877][  0]LogD3D11RHI: Async texture creation enabled
[2020.01.27-19.35.55:909][  0]LogD3D11RHI: GPU Timing Frequency: 1000.000000 (Debug: 2 1)
[2020.01.27-19.35.56:819][  0]LogTargetPlatformManager: Display: Loaded TargetPlatform 'AllDesktop'
[2020.01.27-19.35.56:920][  0]LogTargetPlatformManager: Display: Loaded TargetPlatform 'Android'
[2020.01.27-19.35.56:920][  0]LogTargetPlatformManager: Display: Loaded TargetPlatform 'Android_ASTC'
[2020.01.27-19.35.56:920][  0]LogTargetPlatformManager: Display: Loaded TargetPlatform 'Android_ATC'
[2020.01.27-19.35.56:920][  0]LogTargetPlatformManager: Display: Loaded TargetPlatform 'Android_DXT'
[2020.01.27-19.35.56:920][  0]LogTargetPlatformManager: Display: Loaded TargetPlatform 'Android_ETC1'
[2020.01.27-19.35.56:920][  0]LogTargetPlatformManager: Display: Loaded TargetPlatform 'Android_ETC1a'
[2020.01.27-19.35.56:921][  0]LogTargetPlatformManager: Display: Loaded TargetPlatform 'Android_ETC2'
[2020.01.27-19.35.56:921][  0]LogTargetPlatformManager: Display: Loaded TargetPlatform 'Android_PVRTC'
[2020.01.27-19.35.56:921][  0]LogTargetPlatformManager: Display: Loaded TargetPlatform 'AndroidClient'
[2020.01.27-19.35.56:921][  0]LogTargetPlatformManager: Display: Loaded TargetPlatform 'Android_ASTCClient'
[2020.01.27-19.35.56:921][  0]LogTargetPlatformManager: Display: Loaded TargetPlatform 'Android_ATCClient'
[2020.01.27-19.35.56:921][  0]LogTargetPlatformManager: Display: Loaded TargetPlatform 'Android_DXTClient'
[2020.01.27-19.35.56:921][  0]LogTargetPlatformManager: Display: Loaded TargetPlatform 'Android_ETC1Client'
[2020.01.27-19.35.56:921][  0]LogTargetPlatformManager: Display: Loaded TargetPlatform 'Android_ETC1aClient'
[2020.01.27-19.35.56:921][  0]LogTargetPlatformManager: Display: Loaded TargetPlatform 'Android_ETC2Client'
[2020.01.27-19.35.56:921][  0]LogTargetPlatformManager: Display: Loaded TargetPlatform 'Android_PVRTCClient'
[2020.01.27-19.35.56:921][  0]LogTargetPlatformManager: Display: Loaded TargetPlatform 'Android_Multi'
[2020.01.27-19.35.56:921][  0]LogTargetPlatformManager: Display: Loaded TargetPlatform 'Android_MultiClient'
[2020.01.27-19.35.56:976][  0]LogTargetPlatformManager: Display: Loaded TargetPlatform 'IOSClient'
[2020.01.27-19.35.56:976][  0]LogTargetPlatformManager: Display: Loaded TargetPlatform 'IOS'
[2020.01.27-19.35.56:997][  0]LogTargetPlatformManager: Display: Loaded TargetPlatform 'LinuxNoEditor'
[2020.01.27-19.35.57:018][  0]LogTargetPlatformManager: Display: Loaded TargetPlatform 'LinuxClient'
[2020.01.27-19.35.57:039][  0]LogTargetPlatformManager: Display: Loaded TargetPlatform 'LinuxServer'
[2020.01.27-19.35.57:061][  0]LogTargetPlatformManager: Display: Loaded TargetPlatform 'LinuxAArch64NoEditor'
[2020.01.27-19.35.57:083][  0]LogTargetPlatformManager: Display: Loaded TargetPlatform 'LinuxAArch64Client'
[2020.01.27-19.35.57:104][  0]LogTargetPlatformManager: Display: Loaded TargetPlatform 'LinuxAArch64Server'
[2020.01.27-19.35.57:172][  0]LogTargetPlatformManager: Display: Loaded TargetPlatform 'Lumin'
[2020.01.27-19.35.57:172][  0]LogTargetPlatformManager: Display: Loaded TargetPlatform 'LuminClient'
[2020.01.27-19.35.57:213][  0]LogTargetPlatformManager: Display: Loaded TargetPlatform 'TVOSClient'
[2020.01.27-19.35.57:213][  0]LogTargetPlatformManager: Display: Loaded TargetPlatform 'TVOS'
[2020.01.27-19.35.57:234][  0]LogTargetPlatformManager: Display: Loaded TargetPlatform 'WindowsNoEditor'
[2020.01.27-19.35.57:257][  0]LogTargetPlatformManager: Display: Loaded TargetPlatform 'Windows'
[2020.01.27-19.35.57:279][  0]LogTargetPlatformManager: Display: Loaded TargetPlatform 'WindowsClient'
[2020.01.27-19.35.57:299][  0]LogTargetPlatformManager: Display: Loaded TargetPlatform 'WindowsServer'
[2020.01.27-19.35.57:299][  0]LogTargetPlatformManager: Display: Building Assets For Windows
[2020.01.27-19.35.57:308][  0]LogAudioDebug: Display: Lib vorbis DLL was dynamically loaded.
[2020.01.27-19.35.57:384][  0]LogShaderCompilers: Guid format shader working directory is -46 characters bigger than the processId version (../../../../../../Users/Alex/Desktop/Unreal/SecondAssignment/ClimbingCombat/ClimbingCombat/Intermediate/Shaders/WorkingDirectory/60748/).
[2020.01.27-19.35.57:385][  0]LogShaderCompilers: Cleaned the shader compiler working directory 'C:/Users/Alex/AppData/Local/Temp/UnrealShaderWorkingDir/8829B6F24C9CEC97FCD080A237CC804A/'.
[2020.01.27-19.35.57:387][  0]LogXGEController: Cleaning working directory: C:/Users/Alex/AppData/Local/Temp/UnrealXGEWorkingDir/
[2020.01.27-19.35.57:388][  0]LogXGEController: Cannot use XGE Controller as Incredibuild is not installed on this machine.
[2020.01.27-19.35.57:388][  0]LogShaderCompilers: Cannot use XGE Shader Compiler as Incredibuild is not installed on this machine.
[2020.01.27-19.35.57:388][  0]LogShaderCompilers: Display: Using Local Shader Compiler.
[2020.01.27-19.35.59:428][  0]LogDerivedDataCache: Display: Max Cache Size: 512 MB
[2020.01.27-19.35.59:556][  0]LogDerivedDataCache: Loaded boot cache 0.13s 79MB C:/Users/Alex/AppData/Local/UnrealEngine/4.24/DerivedDataCache/Boot.ddc.
[2020.01.27-19.35.59:556][  0]LogDerivedDataCache: Display: Loaded Boot cache: C:/Users/Alex/AppData/Local/UnrealEngine/4.24/DerivedDataCache/Boot.ddc
[2020.01.27-19.35.59:557][  0]LogDerivedDataCache: FDerivedDataBackendGraph:  Pak pak cache file ../../../../../../Users/Alex/Desktop/Unreal/SecondAssignment/ClimbingCombat/ClimbingCombat/DerivedDataCache/DDC.ddp not found, will not use a pak cache.
[2020.01.27-19.35.59:557][  0]LogDerivedDataCache: Unable to find inner node Pak for hierarchical cache Hierarchy.
[2020.01.27-19.35.59:557][  0]LogDerivedDataCache: FDerivedDataBackendGraph:  CompressedPak pak cache file ../../../../../../Users/Alex/Desktop/Unreal/SecondAssignment/ClimbingCombat/ClimbingCombat/DerivedDataCache/Compressed.ddp not found, will not use a pak cache.
[2020.01.27-19.35.59:557][  0]LogDerivedDataCache: Unable to find inner node CompressedPak for hierarchical cache Hierarchy.
[2020.01.27-19.35.59:583][  0]LogDerivedDataCache: Display: Pak cache opened for reading ../../../Engine/DerivedDataCache/Compressed.ddp.
[2020.01.27-19.35.59:583][  0]LogDerivedDataCache: FDerivedDataBackendGraph:  EnterprisePak pak cache file ../../../Enterprise/DerivedDataCache/Compressed.ddp not found, will not use a pak cache.
[2020.01.27-19.35.59:583][  0]LogDerivedDataCache: Unable to find inner node EnterprisePak for hierarchical cache Hierarchy.
[2020.01.27-19.35.59:586][  0]LogDerivedDataCache: Using Local data cache path C:/Users/Alex/AppData/Local/UnrealEngine/Common/DerivedDataCache: Writable
[2020.01.27-19.35.59:586][  0]LogDerivedDataCache: Shared data cache path not found in *engine.ini, will not use an Shared cache.
[2020.01.27-19.35.59:586][  0]LogDerivedDataCache: Unable to find inner node Shared for hierarchical cache Hierarchy.
[2020.01.27-19.35.59:669][  0]LogMaterial: Verifying Global Shaders for PCD3D_SM5
[2020.01.27-19.35.59:676][  0]LogSlate: Using FreeType 2.10.0
[2020.01.27-19.35.59:678][  0]LogSlate: SlateFontServices - WITH_FREETYPE: 1, WITH_HARFBUZZ: 1
[2020.01.27-19.35.59:825][  0]LogAssetRegistry: FAssetRegistry took 0.0063 seconds to start up
[2020.01.27-19.36.00:657][  0]LogInit: Selected Device Profile: [Windows]
[2020.01.27-19.36.01:137][  0]LogMeshReduction: Using QuadricMeshReduction for automatic static mesh reduction
[2020.01.27-19.36.01:137][  0]LogMeshReduction: Using SimplygonMeshReduction for automatic skeletal mesh reduction
[2020.01.27-19.36.01:137][  0]LogMeshReduction: Using ProxyLODMeshReduction for automatic mesh merging
[2020.01.27-19.36.01:137][  0]LogMeshReduction: No distributed automatic mesh merging module available
[2020.01.27-19.36.01:137][  0]LogMeshMerging: No distributed automatic mesh merging module available
[2020.01.27-19.36.01:171][  0]LogNetVersion: ClimbingCombat 1.0.0, NetCL: 10570792, EngineNetVer: 13, GameNetVer: 0 (Checksum: 1614326804)
[2020.01.27-19.36.04:272][  0]LogPackageLocalizationCache: Processed 10 localized package path(s) for 1 prioritized culture(s) in 0.122025 seconds
[2020.01.27-19.36.04:299][  0]LogUObjectArray: 46750 objects as part of root set at end of initial load.
[2020.01.27-19.36.04:299][  0]LogUObjectAllocator: 8137160 out of 0 bytes used by permanent object pool.
[2020.01.27-19.36.04:299][  0]LogUObjectArray: CloseDisregardForGC: 0/0 objects in disregard for GC pool
[2020.01.27-19.36.05:642][  0]LogTcpMessaging: Initializing TcpMessaging bridge
[2020.01.27-19.36.05:648][  0]LogUdpMessaging: Initializing bridge on interface 0.0.0.0:0 to multicast group 230.0.0.1:6666.
[2020.01.27-19.36.05:814][  0]SourceControl: Source control is disabled
[2020.01.27-19.36.05:814][  0]SourceControl: Source control is disabled
[2020.01.27-19.36.05:818][  0]SourceControl: Source control is disabled
[2020.01.27-19.36.05:822][  0]SourceControl: Source control is disabled
[2020.01.27-19.36.05:826][  0]SourceControl: Source control is disabled
[2020.01.27-19.36.06:099][  0]LogAndroidPermission: UAndroidPermissionCallbackProxy::GetInstance
[2020.01.27-19.36.06:129][  0]LogAudioCaptureCore: Display: No Audio Capture implementations found. Audio input will be silent.
[2020.01.27-19.36.06:129][  0]LogAudioCaptureCore: Display: No Audio Capture implementations found. Audio input will be silent.
[2020.01.27-19.36.06:374][  0]LogOcInput: OculusInput pre-init called
[2020.01.27-19.36.06:400][  0]LogWindows: Failed to load 'OVRPlugin.dll' (GetLastError=126)
[2020.01.27-19.36.06:400][  0]LogWindows: File 'OVRPlugin.dll' does not exist
[2020.01.27-19.36.06:622][  0]LogEngine: Initializing Engine...
[2020.01.27-19.36.06:624][  0]LogHMD: Failed to initialize OpenVR with code 110
[2020.01.27-19.36.06:627][  0]LogStats: UGameplayTagsManager::InitializeManager -  0.001 s
[2020.01.27-19.36.07:750][  0]LogInit: Initializing FReadOnlyCVARCache
[2020.01.27-19.36.07:767][  0]LogAIModule: Creating AISystem for world Untitled
[2020.01.27-19.36.07:985][  0]LogAudioMixer: Display: Audio Mixer Platform Settings:
[2020.01.27-19.36.07:985][  0]LogAudioMixer: Display: 	Sample Rate:						  48000
[2020.01.27-19.36.07:985][  0]LogAudioMixer: Display: 	Callback Buffer Frame Size Requested: 1024
[2020.01.27-19.36.07:986][  0]LogAudioMixer: Display: 	Callback Buffer Frame Size To Use:	  1024
[2020.01.27-19.36.07:986][  0]LogAudioMixer: Display: 	Number of buffers to queue:			  2
[2020.01.27-19.36.07:986][  0]LogAudioMixer: Display: 	Max Channels (voices):				  32
[2020.01.27-19.36.07:986][  0]LogAudioMixer: Display: 	Number of Async Source Workers:		  0
[2020.01.27-19.36.07:986][  0]LogAudio: Display: AudioDevice MaxSources: 32
[2020.01.27-19.36.07:988][  0]LogAudio: Display: Using built-in audio occlusion.
[2020.01.27-19.36.07:988][  0]LogAudioMixer: Display: Initializing audio mixer.
[2020.01.27-19.36.08:106][  0]LogAudioMixer: Display: Audio Device Output Speaker Info:
[2020.01.27-19.36.08:106][  0]LogAudioMixer: Display: Name: Speakers/Headphones (Realtek(R) Audio)
[2020.01.27-19.36.08:106][  0]LogAudioMixer: Display: Is Default: Yes
[2020.01.27-19.36.08:106][  0]LogAudioMixer: Display: Sample Rate: 48000
[2020.01.27-19.36.08:106][  0]LogAudioMixer: Display: Channel Count Used: 2
[2020.01.27-19.36.08:106][  0]LogAudioMixer: Display: Device Channel Count: 2
[2020.01.27-19.36.08:106][  0]LogAudioMixer: Display: Channel Order:
[2020.01.27-19.36.08:106][  0]LogAudioMixer: Display: 0: FrontLeft
[2020.01.27-19.36.08:106][  0]LogAudioMixer: Display: 1: FrontRight
[2020.01.27-19.36.08:756][  0]LogAudioMixer: Display: Using Audio Device Speakers/Headphones (Realtek(R) Audio)
[2020.01.27-19.36.08:771][  0]LogInit: FAudioDevice initialized.
[2020.01.27-19.36.08:771][  0]LogNetVersion: Set ProjectVersion to 1.0.0.0. Version Checksum will be recalculated on next use.
[2020.01.27-19.36.08:876][  0]LogDerivedDataCache: Saved boot cache 0.10s 79MB C:/Users/Alex/AppData/Local/UnrealEngine/4.24/DerivedDataCache/Boot.ddc.
[2020.01.27-19.36.08:877][  0]LogInit: Texture streaming: Enabled
[2020.01.27-19.36.08:918][  0]LogEngineSessionManager: EngineSessionManager initialized
[2020.01.27-19.36.08:918][  0]LogEngineSessionManager: EngineSessionManager sent abnormal shutdown report. Type=Crashed, SessionId={19EE7747-43E5-BF0A-B055-5EB6A86CBEB2}
[2020.01.27-19.36.08:918][  0]LogEditorSessionSummary: Verbose: Initializing EditorSessionSummaryWriter for editor session tracking
[2020.01.27-19.36.08:935][  0]LogEditorSessionSummary: EditorSessionSummaryWriter initialized
[2020.01.27-19.36.09:072][  0]LogInit: Transaction tracking system initialized
[2020.01.27-19.36.09:107][  0]BlueprintLog: New page: Editor Load
[2020.01.27-19.36.09:211][  0]LocalizationService: Localization service is disabled
[2020.01.27-19.36.10:071][  0]LogFileCache: Scanning file cache for directory 'C:/Users/Alex/Desktop/Unreal/SecondAssignment/ClimbingCombat/ClimbingCombat/Content/' took 0.01s
[2020.01.27-19.36.10:071][  0]LogCook: Display: Max memory allowance for cook 16384mb min free memory 0mb
[2020.01.27-19.36.10:071][  0]LogCook: Display: Mobile HDR setting 1
[2020.01.27-19.36.12:310][  0]SourceControl: Source control is disabled
[2020.01.27-19.36.12:310][  0]Cmd: MAP LOAD FILE="../../../../../../Users/Alex/Desktop/Unreal/SecondAssignment/ClimbingCombat/ClimbingCombat/Content/VirtualRealityBP/Maps/StartupMap.umap" TEMPLATE=0 SHOWPROGRESS=1 FEATURELEVEL=3
[2020.01.27-19.36.12:311][  0]LightingResults: New page: Lighting Build
[2020.01.27-19.36.12:313][  0]LogWorld: UWorld::CleanupWorld for Untitled, bSessionEnded=true, bCleanupResources=true
[2020.01.27-19.36.12:314][  0]LogSlate: InvalidateAllWidgets triggered.  All widgets were invalidated
[2020.01.27-19.36.12:314][  0]MapCheck: New page: Map Check
[2020.01.27-19.36.12:314][  0]LightingResults: New page: Lighting Build
[2020.01.27-19.36.12:397][  0]LogUObjectHash: Compacting FUObjectHashTables data took   4.13ms
[2020.01.27-19.36.12:737][  0]LogAIModule: Creating AISystem for world StartupMap
[2020.01.27-19.36.12:750][  0]LogEditorServer: Finished looking for orphan Actors (0.000 secs)
[2020.01.27-19.36.12:835][  0]LogUObjectHash: Compacting FUObjectHashTables data took   3.16ms
[2020.01.27-19.36.12:835][  0]Cmd: MAP CHECKDEP NOCLEARLOG
[2020.01.27-19.36.12:835][  0]MapCheck: Map check complete: 0 Error(s), 0 Warning(s), took 0.544ms to complete.
[2020.01.27-19.36.12:836][  0]LogFileHelpers: Loading map 'StartupMap' took 0.526
[2020.01.27-19.36.13:066][  0]LogSlate: Updating window title bar state: overlay mode, drag disabled, window buttons hidden, title bar hidden
[2020.01.27-19.36.13:086][  0]LogSlate: Updating window title bar state: overlay mode, drag disabled, window buttons hidden, title bar hidden
[2020.01.27-19.36.13:106][  0]LogSlate: Updating window title bar state: overlay mode, drag disabled, window buttons hidden, title bar hidden
[2020.01.27-19.36.13:126][  0]LogSlate: Updating window title bar state: overlay mode, drag disabled, window buttons hidden, title bar hidden
[2020.01.27-19.36.13:149][  0]LogCollectionManager: Loaded 0 collections in 0.007494 seconds
[2020.01.27-19.36.13:188][  0]LogFileCache: Scanning file cache for directory 'C:/Users/Alex/Desktop/Unreal/SecondAssignment/ClimbingCombat/ClimbingCombat/Saved/Collections/' took 0.00s
[2020.01.27-19.36.13:188][  0]LogFileCache: Scanning file cache for directory 'C:/Users/Alex/Desktop/Unreal/SecondAssignment/ClimbingCombat/ClimbingCombat/Content/Developers/Alex/Collections/' took 0.00s
[2020.01.27-19.36.13:188][  0]LogFileCache: Scanning file cache for directory 'C:/Users/Alex/Desktop/Unreal/SecondAssignment/ClimbingCombat/ClimbingCombat/Content/Collections/' took 0.00s
[2020.01.27-19.36.13:188][  0]LogContentBrowser: Native class hierarchy populated in 0.0219 seconds. Added 3015 classes and 717 folders.
[2020.01.27-19.36.13:197][  0]LogContentBrowser: Native class hierarchy updated for 'WidgetCarousel' in 0.0006 seconds. Added 0 classes and 0 folders.
[2020.01.27-19.36.13:410][  0]LogContentBrowser: Native class hierarchy updated for 'AddContentDialog' in 0.0007 seconds. Added 0 classes and 0 folders.
[2020.01.27-19.36.13:420][  0]LogContentBrowser: Native class hierarchy updated for 'SceneOutliner' in 0.0008 seconds. Added 2 classes and 3 folders.
[2020.01.27-19.36.13:586][  0]LogSlate: Took 0.000619 seconds to synchronously load lazily loaded font '../../../Engine/Content/Slate/Fonts/Roboto-Regular.ttf' (155K)
[2020.01.27-19.36.13:595][  0]LogSlate: Took 0.000691 seconds to synchronously load lazily loaded font '../../../Engine/Content/Slate/Fonts/Roboto-Bold.ttf' (160K)
[2020.01.27-19.36.13:613][  0]LogSlate: Took 0.000407 seconds to synchronously load lazily loaded font '../../../Engine/Content/Editor/Slate/Fonts/FontAwesome.ttf' (139K)
[2020.01.27-19.36.13:824][  0]LogRenderer: Reallocating scene render targets to support 776x496 Format 26 NumSamples 1 (Frame:1).
[2020.01.27-19.36.14:221][  0]LogContentBrowser: Native class hierarchy updated for 'HierarchicalLODOutliner' in 0.0006 seconds. Added 0 classes and 0 folders.
[2020.01.27-19.36.14:223][  0]LogLoad: (Engine Initialization) Total time: 24.86 seconds
[2020.01.27-19.36.14:223][  0]LogLoad: (Engine Initialization) Total Blueprint compile time: 0.00 seconds
[2020.01.27-19.36.14:301][  0]LogContentStreaming: Texture pool size now 1000 MB
[2020.01.27-19.36.14:583][  2]LogAssetRegistry: Asset discovery search completed in 14.7592 seconds
[2020.01.27-19.36.14:592][  2]LogCollectionManager: Fixed up redirectors for 0 collections in 0.000020 seconds (updated 0 objects)
[2020.01.27-19.36.16:975][ 10]LogSlate: Took 0.000334 seconds to synchronously load lazily loaded font '../../../Engine/Content/Slate/Fonts/Roboto-Light.ttf' (167K)
[2020.01.27-19.36.19:454][ 43]LogTexture: Display: Building textures: HQ_Lightmap1_3 (AutoDXT, 64X64)
[2020.01.27-19.36.19:455][ 43]LogTexture: Display: Building textures: LQ_Lightmap_1_3 (DXT1, 64X64)
[2020.01.27-19.36.19:455][ 43]LogTexture: Display: Building textures: ShadowMapTexture2D_5 (G8, 32X32)
[2020.01.27-19.36.19:455][ 43]LogTexture: Display: Building textures: ShadowMapTexture2D_4 (G8, 1024X256)
[2020.01.27-19.36.19:455][ 43]LogTexture: Display: Building textures: ShadowMapTexture2D_3 (G8, 1024X512)
[2020.01.27-19.36.19:455][ 43]LogTexture: Display: Building textures: LQ_Lightmap_1_2 (DXT1, 1024X1024)
[2020.01.27-19.36.19:455][ 43]LogTexture: Display: Building textures: HQ_Lightmap1_2 (AutoDXT, 1024X1024)
[2020.01.27-19.36.19:455][ 43]LogTexture: Display: Building textures: LQ_Lightmap_1_1 (DXT1, 1024X1024)
[2020.01.27-19.36.19:455][ 43]LogTexture: Display: Building textures: HQ_Lightmap1_1 (AutoDXT, 1024X1024)
[2020.01.27-19.36.19:475][ 43]LogSlate: Took 0.000365 seconds to synchronously load lazily loaded font '../../../Engine/Content/Slate/Fonts/Roboto-Light.ttf' (167K)
[2020.01.27-19.36.19:530][ 43]LogAssetEditorSubsystem: Opening Asset editor for MapBuildDataRegistry /Game/VirtualRealityBP/Maps/HMDLocomotionMap_BuiltData.HMDLocomotionMap_BuiltData
[2020.01.27-19.36.23:113][100]LogSlate: Window 'HMDLocomotionMap_BuiltData' being destroyed
[2020.01.27-19.36.23:250][100]LogSlate: Window 'HMDLocomotionMap_BuiltData' being destroyed
[2020.01.27-19.36.27:937][181]LogBlueprint: Warning: [Compiler GameHUD] 'Motion Controller Pawn' does not inherit from 'Character' ( Cast To MotionControllerPawn  would always fail).
[2020.01.27-19.36.28:142][181]LogAIModule: Creating AISystem for world MotionControllerMap
[2020.01.27-19.36.28:155][181]LogAssetEditorSubsystem: Opening Asset editor for World /Game/VirtualRealityBP/Maps/MotionControllerMap.MotionControllerMap
[2020.01.27-19.36.28:244][181]LogUObjectHash: Compacting FUObjectHashTables data took   6.08ms
[2020.01.27-19.36.28:263][181]LightingResults: New page: Lighting Build
[2020.01.27-19.36.28:265][181]LoadErrors: New page: Loading map: MotionControllerMap.umap
[2020.01.27-19.36.28:267][181]LogWorld: UWorld::CleanupWorld for StartupMap, bSessionEnded=true, bCleanupResources=true
[2020.01.27-19.36.28:267][181]LogSlate: InvalidateAllWidgets triggered.  All widgets were invalidated
[2020.01.27-19.36.28:267][181]MapCheck: New page: Map Check
[2020.01.27-19.36.28:267][181]LightingResults: New page: Lighting Build
[2020.01.27-19.36.28:343][181]LogUObjectHash: Compacting FUObjectHashTables data took   3.63ms
[2020.01.27-19.36.28:356][181]LogEditorServer: Finished looking for orphan Actors (0.000 secs)
[2020.01.27-19.36.28:446][181]LogUObjectHash: Compacting FUObjectHashTables data took   4.11ms
[2020.01.27-19.36.28:483][181]Cmd: MAP CHECKDEP NOCLEARLOG
[2020.01.27-19.36.28:486][181]MapCheck: Map check complete: 0 Error(s), 0 Warning(s), took 2.876ms to complete.
[2020.01.27-19.36.28:486][181]LogFileHelpers: Loading map 'MotionControllerMap' took 0.227
[2020.01.27-19.36.55:181][985]LogUObjectHash: Compacting FUObjectHashTables data took   4.81ms
[2020.01.27-19.36.55:544][985]LogSavePackage: Moving '../../../../../../Users/Alex/Desktop/Unreal/SecondAssignment/ClimbingCombat/ClimbingCombat/Saved/MotionControllerMapABA3D69E4927BAF2B82E92899EB2EE7F.tmp' to '../../../../../../Users/Alex/Desktop/Unreal/SecondAssignment/ClimbingCombat/ClimbingCombat/Content/VirtualRealityBP/Maps/MotionControllerMap.umap'
[2020.01.27-19.36.55:982][985]LogSavePackage: Moving '../../../../../../Users/Alex/Desktop/Unreal/SecondAssignment/ClimbingCombat/ClimbingCombat/Saved/MotionControllerMap_BuiltDataA1FB65B04EC620BF996C55A3D8A58953.tmp' to '../../../../../../Users/Alex/Desktop/Unreal/SecondAssignment/ClimbingCombat/ClimbingCombat/Content/VirtualRealityBP/Maps/MotionControllerMap_BuiltData.uasset'
[2020.01.27-19.36.56:017][985]AssetCheck: New page: Asset Save: multiple assets
[2020.01.27-19.36.56:017][985]LogContentValidation: Display: Validating World /Game/VirtualRealityBP/Maps/MotionControllerMap.MotionControllerMap
[2020.01.27-19.36.56:017][985]LogContentValidation: Display: Validating MapBuildDataRegistry /Game/VirtualRealityBP/Maps/MotionControllerMap_BuiltData.MotionControllerMap_BuiltData
[2020.01.27-19.36.59:004][ 50]LogTemp: Repeating last play command: Selected Viewport
[2020.01.27-19.36.59:039][ 50]LogBlueprintUserMessages: Early PlayInEditor Detection: Level '/Game/VirtualRealityBP/Maps/MotionControllerMap.MotionControllerMap:PersistentLevel' has LevelScriptBlueprint '/Game/VirtualRealityBP/Maps/MotionControllerMap.MotionControllerMap:PersistentLevel.MotionControllerMap' with GeneratedClass '/Game/VirtualRealityBP/Maps/MotionControllerMap.MotionControllerMap_C' with ClassGeneratedBy '/Game/VirtualRealityBP/Maps/MotionControllerMap.MotionControllerMap:PersistentLevel.MotionControllerMap'
[2020.01.27-19.36.59:042][ 50]LogPlayLevel: PlayLevel: No blueprints needed recompiling
[2020.01.27-19.36.59:043][ 50]PIE: New page: PIE session: MotionControllerMap (Jan 27, 2020, 3:36:59 AM)
[2020.01.27-19.36.59:051][ 50]LogOnline: OSS: Creating online subsystem instance for: NULL
[2020.01.27-19.36.59:054][ 50]LogOnline: OSS: TryLoadSubsystemAndSetDefault: Loaded subsystem for module [NULL]
[2020.01.27-19.36.59:055][ 50]LogPlayLevel: Creating play world package: /Game/VirtualRealityBP/Maps/UEDPIE_0_MotionControllerMap
[2020.01.27-19.36.59:098][ 50]LogPlayLevel: PIE: StaticDuplicateObject took: (0.042365s)
[2020.01.27-19.36.59:101][ 50]LogAIModule: Creating AISystem for world MotionControllerMap
[2020.01.27-19.36.59:102][ 50]LogPlayLevel: PIE: World Init took: (0.003500s)
[2020.01.27-19.36.59:103][ 50]LogPlayLevel: PIE: Created PIE world by copying editor world from /Game/VirtualRealityBP/Maps/MotionControllerMap.MotionControllerMap to /Game/VirtualRealityBP/Maps/UEDPIE_0_MotionControllerMap.MotionControllerMap (0.047012s)
[2020.01.27-19.36.59:190][ 50]LogUObjectHash: Compacting FUObjectHashTables data took   5.28ms
[2020.01.27-19.36.59:195][ 50]LogAudioMixer: Display: Audio Mixer Platform Settings:
[2020.01.27-19.36.59:195][ 50]LogAudioMixer: Display: 	Sample Rate:						  48000
[2020.01.27-19.36.59:195][ 50]LogAudioMixer: Display: 	Callback Buffer Frame Size Requested: 1024
[2020.01.27-19.36.59:195][ 50]LogAudioMixer: Display: 	Callback Buffer Frame Size To Use:	  1024
[2020.01.27-19.36.59:195][ 50]LogAudioMixer: Display: 	Number of buffers to queue:			  2
[2020.01.27-19.36.59:195][ 50]LogAudioMixer: Display: 	Max Channels (voices):				  32
[2020.01.27-19.36.59:195][ 50]LogAudioMixer: Display: 	Number of Async Source Workers:		  0
[2020.01.27-19.36.59:195][ 50]LogAudio: Display: AudioDevice MaxSources: 32
[2020.01.27-19.36.59:196][ 50]LogAudio: Display: Using built-in audio occlusion.
[2020.01.27-19.36.59:196][ 50]LogAudioMixer: Display: Initializing audio mixer.
[2020.01.27-19.36.59:298][ 50]LogAudioMixer: Display: Audio Device Output Speaker Info:
[2020.01.27-19.36.59:298][ 50]LogAudioMixer: Display: Name: Speakers/Headphones (Realtek(R) Audio)
[2020.01.27-19.36.59:299][ 50]LogAudioMixer: Display: Is Default: Yes
[2020.01.27-19.36.59:299][ 50]LogAudioMixer: Display: Sample Rate: 48000
[2020.01.27-19.36.59:299][ 50]LogAudioMixer: Display: Channel Count Used: 2
[2020.01.27-19.36.59:299][ 50]LogAudioMixer: Display: Device Channel Count: 2
[2020.01.27-19.36.59:299][ 50]LogAudioMixer: Display: Channel Order:
[2020.01.27-19.36.59:299][ 50]LogAudioMixer: Display: 0: FrontLeft
[2020.01.27-19.36.59:299][ 50]LogAudioMixer: Display: 1: FrontRight
[2020.01.27-19.36.59:458][ 50]LogAudioMixer: Display: Using Audio Device Speakers/Headphones (Realtek(R) Audio)
[2020.01.27-19.36.59:463][ 50]LogInit: FAudioDevice initialized.
[2020.01.27-19.36.59:488][ 50]LogLoad: Game class is 'GameModeBase'
[2020.01.27-19.36.59:509][ 50]LogWorld: Bringing World /Game/VirtualRealityBP/Maps/UEDPIE_0_MotionControllerMap.MotionControllerMap up for play (max tick rate 60) at 2020.01.27-11.36.59
[2020.01.27-19.36.59:512][ 50]LogWorld: Bringing up level for play took: 0.007961
[2020.01.27-19.36.59:515][ 50]LogOnline: OSS: Creating online subsystem instance for: :Context_2
[2020.01.27-19.36.59:536][ 50]LogContentBrowser: Native class hierarchy updated for 'MovieSceneCapture' in 0.0009 seconds. Added 20 classes and 0 folders.
[2020.01.27-19.36.59:591][ 50]PIE: Play in editor start time for /Game/VirtualRealityBP/Maps/UEDPIE_0_MotionControllerMap -0.013
[2020.01.27-19.36.59:592][ 50]LogBlueprintUserMessages: Late PlayInEditor Detection: Level '/Game/VirtualRealityBP/Maps/MotionControllerMap.MotionControllerMap:PersistentLevel' has LevelScriptBlueprint '/Game/VirtualRealityBP/Maps/MotionControllerMap.MotionControllerMap:PersistentLevel.MotionControllerMap' with GeneratedClass '/Game/VirtualRealityBP/Maps/MotionControllerMap.MotionControllerMap_C' with ClassGeneratedBy '/Game/VirtualRealityBP/Maps/MotionControllerMap.MotionControllerMap:PersistentLevel.MotionControllerMap'
[2020.01.27-19.37.20:503][752]LogAudioMixer: Display: No commands were queued while flushing the source manager.
[2020.01.27-19.37.20:503][752]LogAudioMixer: Display: No commands were queued while flushing the source manager.
[2020.01.27-19.37.20:505][752]LogBlueprintUserMessages: Early EndPlayMap Detection: Level '/Game/VirtualRealityBP/Maps/MotionControllerMap.MotionControllerMap:PersistentLevel' has LevelScriptBlueprint '/Game/VirtualRealityBP/Maps/MotionControllerMap.MotionControllerMap:PersistentLevel.MotionControllerMap' with GeneratedClass '/Game/VirtualRealityBP/Maps/MotionControllerMap.MotionControllerMap_C' with ClassGeneratedBy '/Game/VirtualRealityBP/Maps/MotionControllerMap.MotionControllerMap:PersistentLevel.MotionControllerMap'
[2020.01.27-19.37.20:507][752]LogSlate: Updating window title bar state: overlay mode, drag disabled, window buttons hidden, title bar hidden
[2020.01.27-19.37.20:507][752]LogWorld: BeginTearingDown for /Game/VirtualRealityBP/Maps/UEDPIE_0_MotionControllerMap
[2020.01.27-19.37.20:508][752]LogAudioMixer: Display: No commands were queued while flushing the source manager.
[2020.01.27-19.37.20:510][752]LogWorld: UWorld::CleanupWorld for MotionControllerMap, bSessionEnded=true, bCleanupResources=true
[2020.01.27-19.37.20:512][752]LogSlate: InvalidateAllWidgets triggered.  All widgets were invalidated
[2020.01.27-19.37.20:573][752]LogPlayLevel: Display: Shutting down PIE online subsystems
[2020.01.27-19.37.20:574][752]LogBlueprintUserMessages: Late EndPlayMap Detection: Level '/Game/VirtualRealityBP/Maps/MotionControllerMap.MotionControllerMap:PersistentLevel' has LevelScriptBlueprint '/Game/VirtualRealityBP/Maps/MotionControllerMap.MotionControllerMap:PersistentLevel.MotionControllerMap' with GeneratedClass '/Game/VirtualRealityBP/Maps/MotionControllerMap.MotionControllerMap_C' with ClassGeneratedBy '/Game/VirtualRealityBP/Maps/MotionControllerMap.MotionControllerMap:PersistentLevel.MotionControllerMap'
[2020.01.27-19.37.20:584][752]LogSlate: InvalidateAllWidgets triggered.  All widgets were invalidated
[2020.01.27-19.37.20:700][752]LogAudioMixer: Display: No commands were queued while flushing the source manager.
[2020.01.27-19.37.20:715][752]LogSlate: Updating window title bar state: overlay mode, drag disabled, window buttons hidden, title bar hidden
[2020.01.27-19.37.20:728][752]LogUObjectHash: Compacting FUObjectHashTables data took   6.35ms
[2020.01.27-19.37.20:768][753]LogPlayLevel: Display: Destroying online subsystem :Context_2
[2020.01.27-19.43.09:762][149]LogD3D11RHI: Error: Result failed 
 at D:/Build/++UE4/Sync/Engine/Source/Runtime/Windows/D3D11RHI/Private/D3D11Query.cpp:348 
 with error DXGI_ERROR_DEVICE_REMOVED DXGI_ERROR_DEVICE_HUNG
[2020.01.27-19.43.09:762][149]LogD3D11RHI: [Aftermath] GDynamicRHI=0000022978BE40C0, GDX11NVAfterMathEnabled=0, Result=0xFFFFFFFF, bDeviceActive=0
[2020.01.27-19.43.09:762][149]LogWindows: Windows GetLastError: The operation completed successfully. (0)
[2020.01.27-19.43.14:005][149]LogOutputDevice: Warning: 

Script Stack (0 frames):

[2020.01.27-19.43.14:005][149]LogWindows: Windows GetLastError: The operation completed successfully. (0)
[2020.01.27-19.43.14:009][149]LogWindows: Error: === Critical error: ===
[2020.01.27-19.43.14:009][149]LogWindows: Error: 
[2020.01.27-19.43.14:009][149]LogWindows: Error: Fatal error: [File:D:/Build/++UE4/Sync/Engine/Source/Runtime/RenderCore/Private/RenderingThread.cpp] [Line: 853] 
[2020.01.27-19.43.14:009][149]LogWindows: Error: Rendering thread exception:
[2020.01.27-19.43.14:009][149]LogWindows: Error: Fatal error: [File:D:/Build/++UE4/Sync/Engine/Source/Runtime/Windows/D3D11RHI/Private/D3D11Util.cpp] [Line: 198] 
[2020.01.27-19.43.14:009][149]LogWindows: Error: Unreal Engine is exiting due to D3D device being lost. (Error: 0x887A0006 - 'HUNG')
[2020.01.27-19.43.14:009][149]LogWindows: Error: 
[2020.01.27-19.43.14:009][149]LogWindows: Error: 
[2020.01.27-19.43.14:009][149]LogWindows: Error: Unhandled Exception: 0x00008000
[2020.01.27-19.43.14:009][149]LogWindows: Error: 
[2020.01.27-19.43.14:009][149]LogWindows: Error: [Callstack] 0x00007ffb8679a839 KERNELBASE.dll!UnknownFunction []
[2020.01.27-19.43.14:009][149]LogWindows: Error: [Callstack] 0x00007ffb3892c396 UE4Editor-Core.dll!UnknownFunction []
[2020.01.27-19.43.14:009][149]LogWindows: Error: [Callstack] 0x00007ffb3892de81 UE4Editor-Core.dll!UnknownFunction []
[2020.01.27-19.43.14:009][149]LogWindows: Error: [Callstack] 0x00007ffb386e2cbd UE4Editor-Core.dll!UnknownFunction []
[2020.01.27-19.43.14:009][149]LogWindows: Error: [Callstack] 0x00007ffaff0e13c9 UE4Editor-D3D11RHI.dll!UnknownFunction []
[2020.01.27-19.43.14:009][149]LogWindows: Error: [Callstack] 0x00007ffaff0e5b9f UE4Editor-D3D11RHI.dll!UnknownFunction []
[2020.01.27-19.43.14:009][149]LogWindows: Error: [Callstack] 0x00007ffaff0c60e3 UE4Editor-D3D11RHI.dll!UnknownFunction []
[2020.01.27-19.43.14:009][149]LogWindows: Error: [Callstack] 0x00007ffaff0d460c UE4Editor-D3D11RHI.dll!UnknownFunction []
[2020.01.27-19.43.14:009][149]LogWindows: Error: [Callstack] 0x00007ffb565041af UE4Editor-RHI.dll!UnknownFunction []
[2020.01.27-19.43.14:009][149]LogWindows: Error: [Callstack] 0x00007ffb0237e078 UE4Editor-Renderer.dll!UnknownFunction []
[2020.01.27-19.43.14:009][149]LogWindows: Error: [Callstack] 0x00007ffb027fb258 UE4Editor-Renderer.dll!UnknownFunction []
[2020.01.27-19.43.14:009][149]LogWindows: Error: [Callstack] 0x00007ffb027d907c UE4Editor-Renderer.dll!UnknownFunction []
[2020.01.27-19.43.14:009][149]LogWindows: Error: [Callstack] 0x00007ffb384b9ff2 UE4Editor-Core.dll!UnknownFunction []
[2020.01.27-19.43.14:010][149]LogWindows: Error: [Callstack] 0x00007ffb384ba393 UE4Editor-Core.dll!UnknownFunction []
[2020.01.27-19.43.14:010][149]LogWindows: Error: [Callstack] 0x00007ffb48ba5391 UE4Editor-RenderCore.dll!UnknownFunction []
[2020.01.27-19.43.14:010][149]LogWindows: Error: [Callstack] 0x00007ffb48bae254 UE4Editor-RenderCore.dll!UnknownFunction []
[2020.01.27-19.43.14:010][149]LogWindows: Error: [Callstack] 0x00007ffb3893384f UE4Editor-Core.dll!UnknownFunction []
[2020.01.27-19.43.14:010][149]LogWindows: Error: [Callstack] 0x00007ffb38933684 UE4Editor-Core.dll!UnknownFunction []
[2020.01.27-19.43.14:010][149]LogWindows: Error: [Callstack] 0x00007ffb872b7bd4 KERNEL32.DLL!UnknownFunction []
[2020.01.27-19.43.14:010][149]LogWindows: Error: [Callstack] 0x00007ffb88deced1 ntdll.dll!UnknownFunction []
[2020.01.27-19.43.14:010][149]LogWindows: Error: 
[2020.01.27-19.43.14:010][149]LogWindows: Error: 
[2020.01.27-19.43.14:010][149]LogWindows: Error: 
[2020.01.27-19.43.14:010][149]LogWindows: Error: 
[2020.01.27-19.43.14:038][149]LogExit: Executing StaticShutdownAfterError
[2020.01.27-19.43.14:041][149]LogWindows: FPlatformMisc::RequestExit(1)
[2020.01.27-19.43.14:041][149]LogCore: Engine exit requested (reason: Win RequestExit)
[2020.01.27-19.43.14:053][149]Log file closed, 01/27/20 11:43:14
